<?xml version="1.0" encoding="UTF-8"?>
<robot generator="Robot 5.0.1 (Python 3.7.5 on darwin)" generated="20230305 15:07:38.543" rpa="true" schemaversion="3">
<suite id="s1" name="Tasks" source="/Users/reneejiang/imdb/tasks.robot">
<test id="s1-t1" name="Store the latest tweets by given user name" line="18">
<kw name="Open Twitter homepage">
<kw name="Open Available Browser" library="RPA.Browser.Selenium">
<arg>https://screenrant.com/best-tv-shows-2022/</arg>
<doc>Attempts to open a browser on the user's device from a set of
supported browsers. Automatically downloads a corresponding webdriver
if none is already installed.</doc>
<msg timestamp="20230305 15:07:39.189" level="INFO">Creating an instance of the Chrome WebDriver.</msg>
<msg timestamp="20230305 15:07:39.201" level="INFO">Created download root directory: /Users/reneejiang/.robocorp/webdrivers</msg>
<msg timestamp="20230305 15:07:39.201" level="INFO">Created symlink directory: /Users/reneejiang/.robocorp/webdrivers</msg>
<msg timestamp="20230305 15:07:39.202" level="INFO">Creating an instance of the Chrome WebDriver.</msg>
<msg timestamp="20230305 15:07:41.471" level="INFO">Created Chrome browser with arguments: --disable-dev-shm-usage --disable-web-security --allow-running-insecure-content --no-sandbox</msg>
<msg timestamp="20230305 15:07:41.472" level="INFO" html="true">&lt;p&gt;Attempted combinations:&lt;/p&gt;&lt;div class="doc"&gt;&lt;table&gt;&lt;tr&gt;&lt;th&gt;Browser&lt;/th&gt;&lt;th&gt;Download&lt;/th&gt;&lt;th&gt;Error&lt;/th&gt;&lt;/tr&gt;&lt;tr&gt;&lt;td&gt;Chrome&lt;/td&gt;&lt;td&gt;False&lt;/td&gt;&lt;td&gt;Message: 'chromedriver' executable needs to be in PATH. Please see https://sites.google.com/a/chromium.org/chromedriver/home
&lt;/td&gt;&lt;/tr&gt;&lt;tr&gt;&lt;td&gt;Chrome&lt;/td&gt;&lt;td&gt;True&lt;/td&gt;&lt;td&gt;&lt;/td&gt;&lt;/tr&gt;&lt;/table&gt;&lt;/div&gt;</msg>
<msg timestamp="20230305 15:07:41.472" level="INFO">Opening url 'https://screenrant.com/best-tv-shows-2022/'</msg>
<status status="PASS" starttime="20230305 15:07:39.188" endtime="20230305 15:07:43.975"/>
</kw>
<kw name="Wait Until Element Is Visible" library="RPA.Browser.Selenium">
<arg>css:main</arg>
<doc>Waits until the element ``locator`` is visible.</doc>
<status status="PASS" starttime="20230305 15:07:43.976" endtime="20230305 15:07:43.998"/>
</kw>
<status status="PASS" starttime="20230305 15:07:39.187" endtime="20230305 15:07:43.999"/>
</kw>
<kw name="Hide distracting UI elements">
<kw name="Create List" library="BuiltIn">
<var>@{locators}</var>
<arg>header</arg>
<arg>\#layers &gt; div</arg>
<arg>nav</arg>
<arg>div[data-testid="primaryColumn"] &gt; div &gt; div</arg>
<arg>div[data-testid="sidebarColumn"]</arg>
<arg>div[data-testid="inlinePrompt"]</arg>
<arg>div[data-testid="sheetDialog"]</arg>
<doc>Returns a list containing given items.</doc>
<msg timestamp="20230305 15:07:44.001" level="INFO">@{locators} = [ header | #layers &gt; div | nav | div[data-testid="primaryColumn"] &gt; div &gt; div | div[data-testid="sidebarColumn"] | div[data-testid="inlinePrompt"] | div[data-testid="sheetDialog"] ]</msg>
<status status="PASS" starttime="20230305 15:07:44.000" endtime="20230305 15:07:44.001"/>
</kw>
<for flavor="IN">
<var>${locator}</var>
<value>@{locators}</value>
<iter>
<var name="${locator}">header</var>
<kw name="Hide element">
<arg>${locator}</arg>
<kw name="Mute Run On Failure" library="RPA.RobotLogListener">
<arg>Execute Javascript</arg>
<doc>Set keywords which should not execute `SeleniumLibrary`
default behaviour of running keyword on failure.</doc>
<kw name="Get Library Instance" library="BuiltIn">
<arg>RPA.Browser</arg>
<doc>Returns the currently active instance of the specified library.</doc>
<msg timestamp="20230305 15:07:44.004" level="FAIL">No library 'RPA.Browser' found.</msg>
<status status="FAIL" starttime="20230305 15:07:44.002" endtime="20230305 15:07:44.006"/>
</kw>
<kw name="Get Library Instance" library="BuiltIn">
<arg>RPA.Browser.Selenium</arg>
<doc>Returns the currently active instance of the specified library.</doc>
<status status="PASS" starttime="20230305 15:07:44.006" endtime="20230305 15:07:44.007"/>
</kw>
<status status="PASS" starttime="20230305 15:07:44.002" endtime="20230305 15:07:44.007"/>
</kw>
<kw name="Run Keyword And Ignore Error" library="BuiltIn">
<arg>Execute Javascript</arg>
<arg>document.querySelector('${locator}').style.display = 'none'</arg>
<doc>Runs the given keyword with the given arguments and ignores possible error.</doc>
<kw name="Execute Javascript" library="RPA.Browser.Selenium">
<arg>document.querySelector('${locator}').style.display = 'none'</arg>
<doc>Executes the given JavaScript code with possible arguments.</doc>
<msg timestamp="20230305 15:07:44.009" level="INFO">No keyword will be run on failure.</msg>
<msg timestamp="20230305 15:07:44.009" level="INFO">Executing JavaScript:
document.querySelector('header').style.display = 'none'
Without any arguments.</msg>
<msg timestamp="20230305 15:07:44.021" level="INFO">Capture Page Screenshot will be run on failure.</msg>
<status status="PASS" starttime="20230305 15:07:44.008" endtime="20230305 15:07:44.021"/>
</kw>
<status status="PASS" starttime="20230305 15:07:44.007" endtime="20230305 15:07:44.021"/>
</kw>
<status status="PASS" starttime="20230305 15:07:44.002" endtime="20230305 15:07:44.022"/>
</kw>
<status status="PASS" starttime="20230305 15:07:44.001" endtime="20230305 15:07:44.022"/>
</iter>
<iter>
<var name="${locator}">#layers &gt; div</var>
<kw name="Hide element">
<arg>${locator}</arg>
<kw name="Mute Run On Failure" library="RPA.RobotLogListener">
<arg>Execute Javascript</arg>
<doc>Set keywords which should not execute `SeleniumLibrary`
default behaviour of running keyword on failure.</doc>
<kw name="Get Library Instance" library="BuiltIn">
<arg>RPA.Browser</arg>
<doc>Returns the currently active instance of the specified library.</doc>
<msg timestamp="20230305 15:07:44.026" level="FAIL">No library 'RPA.Browser' found.</msg>
<status status="FAIL" starttime="20230305 15:07:44.025" endtime="20230305 15:07:44.026"/>
</kw>
<kw name="Get Library Instance" library="BuiltIn">
<arg>RPA.Browser.Selenium</arg>
<doc>Returns the currently active instance of the specified library.</doc>
<status status="PASS" starttime="20230305 15:07:44.027" endtime="20230305 15:07:44.027"/>
</kw>
<status status="PASS" starttime="20230305 15:07:44.024" endtime="20230305 15:07:44.027"/>
</kw>
<kw name="Run Keyword And Ignore Error" library="BuiltIn">
<arg>Execute Javascript</arg>
<arg>document.querySelector('${locator}').style.display = 'none'</arg>
<doc>Runs the given keyword with the given arguments and ignores possible error.</doc>
<kw name="Execute Javascript" library="RPA.Browser.Selenium">
<arg>document.querySelector('${locator}').style.display = 'none'</arg>
<doc>Executes the given JavaScript code with possible arguments.</doc>
<msg timestamp="20230305 15:07:44.028" level="INFO">No keyword will be run on failure.</msg>
<msg timestamp="20230305 15:07:44.028" level="INFO">No keyword will be run on failure.</msg>
<msg timestamp="20230305 15:07:44.029" level="INFO">Executing JavaScript:
document.querySelector('#layers &gt; div').style.display = 'none'
Without any arguments.</msg>
<msg timestamp="20230305 15:07:44.079" level="FAIL">JavascriptException: Message: javascript error: Cannot read properties of null (reading 'style')
  (Session info: chrome=110.0.5481.177)
</msg>
<status status="FAIL" starttime="20230305 15:07:44.028" endtime="20230305 15:07:44.080"/>
</kw>
<status status="PASS" starttime="20230305 15:07:44.028" endtime="20230305 15:07:44.081"/>
</kw>
<status status="PASS" starttime="20230305 15:07:44.023" endtime="20230305 15:07:44.081"/>
</kw>
<status status="PASS" starttime="20230305 15:07:44.023" endtime="20230305 15:07:44.081"/>
</iter>
<iter>
<var name="${locator}">nav</var>
<kw name="Hide element">
<arg>${locator}</arg>
<kw name="Mute Run On Failure" library="RPA.RobotLogListener">
<arg>Execute Javascript</arg>
<doc>Set keywords which should not execute `SeleniumLibrary`
default behaviour of running keyword on failure.</doc>
<kw name="Get Library Instance" library="BuiltIn">
<arg>RPA.Browser</arg>
<doc>Returns the currently active instance of the specified library.</doc>
<msg timestamp="20230305 15:07:44.084" level="FAIL">No library 'RPA.Browser' found.</msg>
<status status="FAIL" starttime="20230305 15:07:44.083" endtime="20230305 15:07:44.084"/>
</kw>
<kw name="Get Library Instance" library="BuiltIn">
<arg>RPA.Browser.Selenium</arg>
<doc>Returns the currently active instance of the specified library.</doc>
<status status="PASS" starttime="20230305 15:07:44.085" endtime="20230305 15:07:44.085"/>
</kw>
<status status="PASS" starttime="20230305 15:07:44.082" endtime="20230305 15:07:44.085"/>
</kw>
<kw name="Run Keyword And Ignore Error" library="BuiltIn">
<arg>Execute Javascript</arg>
<arg>document.querySelector('${locator}').style.display = 'none'</arg>
<doc>Runs the given keyword with the given arguments and ignores possible error.</doc>
<kw name="Execute Javascript" library="RPA.Browser.Selenium">
<arg>document.querySelector('${locator}').style.display = 'none'</arg>
<doc>Executes the given JavaScript code with possible arguments.</doc>
<msg timestamp="20230305 15:07:44.086" level="INFO">No keyword will be run on failure.</msg>
<msg timestamp="20230305 15:07:44.087" level="INFO">No keyword will be run on failure.</msg>
<msg timestamp="20230305 15:07:44.087" level="INFO">No keyword will be run on failure.</msg>
<msg timestamp="20230305 15:07:44.087" level="INFO">Executing JavaScript:
document.querySelector('nav').style.display = 'none'
Without any arguments.</msg>
<status status="PASS" starttime="20230305 15:07:44.086" endtime="20230305 15:07:44.111"/>
</kw>
<status status="PASS" starttime="20230305 15:07:44.086" endtime="20230305 15:07:44.112"/>
</kw>
<status status="PASS" starttime="20230305 15:07:44.082" endtime="20230305 15:07:44.112"/>
</kw>
<status status="PASS" starttime="20230305 15:07:44.082" endtime="20230305 15:07:44.112"/>
</iter>
<iter>
<var name="${locator}">div[data-testid="primaryColumn"] &gt; div &gt; div</var>
<kw name="Hide element">
<arg>${locator}</arg>
<kw name="Mute Run On Failure" library="RPA.RobotLogListener">
<arg>Execute Javascript</arg>
<doc>Set keywords which should not execute `SeleniumLibrary`
default behaviour of running keyword on failure.</doc>
<kw name="Get Library Instance" library="BuiltIn">
<arg>RPA.Browser</arg>
<doc>Returns the currently active instance of the specified library.</doc>
<msg timestamp="20230305 15:07:44.114" level="FAIL">No library 'RPA.Browser' found.</msg>
<status status="FAIL" starttime="20230305 15:07:44.114" endtime="20230305 15:07:44.115"/>
</kw>
<kw name="Get Library Instance" library="BuiltIn">
<arg>RPA.Browser.Selenium</arg>
<doc>Returns the currently active instance of the specified library.</doc>
<status status="PASS" starttime="20230305 15:07:44.115" endtime="20230305 15:07:44.115"/>
</kw>
<status status="PASS" starttime="20230305 15:07:44.113" endtime="20230305 15:07:44.116"/>
</kw>
<kw name="Run Keyword And Ignore Error" library="BuiltIn">
<arg>Execute Javascript</arg>
<arg>document.querySelector('${locator}').style.display = 'none'</arg>
<doc>Runs the given keyword with the given arguments and ignores possible error.</doc>
<kw name="Execute Javascript" library="RPA.Browser.Selenium">
<arg>document.querySelector('${locator}').style.display = 'none'</arg>
<doc>Executes the given JavaScript code with possible arguments.</doc>
<msg timestamp="20230305 15:07:44.117" level="INFO">No keyword will be run on failure.</msg>
<msg timestamp="20230305 15:07:44.117" level="INFO">No keyword will be run on failure.</msg>
<msg timestamp="20230305 15:07:44.117" level="INFO">No keyword will be run on failure.</msg>
<msg timestamp="20230305 15:07:44.117" level="INFO">No keyword will be run on failure.</msg>
<msg timestamp="20230305 15:07:44.118" level="INFO">Executing JavaScript:
document.querySelector('div[data-testid="primaryColumn"] &gt; div &gt; div').style.display = 'none'
Without any arguments.</msg>
<msg timestamp="20230305 15:07:44.126" level="FAIL">JavascriptException: Message: javascript error: Cannot read properties of null (reading 'style')
  (Session info: chrome=110.0.5481.177)
</msg>
<status status="FAIL" starttime="20230305 15:07:44.117" endtime="20230305 15:07:44.127"/>
</kw>
<status status="PASS" starttime="20230305 15:07:44.116" endtime="20230305 15:07:44.127"/>
</kw>
<status status="PASS" starttime="20230305 15:07:44.113" endtime="20230305 15:07:44.127"/>
</kw>
<status status="PASS" starttime="20230305 15:07:44.112" endtime="20230305 15:07:44.127"/>
</iter>
<iter>
<var name="${locator}">div[data-testid="sidebarColumn"]</var>
<kw name="Hide element">
<arg>${locator}</arg>
<kw name="Mute Run On Failure" library="RPA.RobotLogListener">
<arg>Execute Javascript</arg>
<doc>Set keywords which should not execute `SeleniumLibrary`
default behaviour of running keyword on failure.</doc>
<kw name="Get Library Instance" library="BuiltIn">
<arg>RPA.Browser</arg>
<doc>Returns the currently active instance of the specified library.</doc>
<msg timestamp="20230305 15:07:44.130" level="FAIL">No library 'RPA.Browser' found.</msg>
<status status="FAIL" starttime="20230305 15:07:44.129" endtime="20230305 15:07:44.131"/>
</kw>
<kw name="Get Library Instance" library="BuiltIn">
<arg>RPA.Browser.Selenium</arg>
<doc>Returns the currently active instance of the specified library.</doc>
<status status="PASS" starttime="20230305 15:07:44.131" endtime="20230305 15:07:44.132"/>
</kw>
<status status="PASS" starttime="20230305 15:07:44.129" endtime="20230305 15:07:44.132"/>
</kw>
<kw name="Run Keyword And Ignore Error" library="BuiltIn">
<arg>Execute Javascript</arg>
<arg>document.querySelector('${locator}').style.display = 'none'</arg>
<doc>Runs the given keyword with the given arguments and ignores possible error.</doc>
<kw name="Execute Javascript" library="RPA.Browser.Selenium">
<arg>document.querySelector('${locator}').style.display = 'none'</arg>
<doc>Executes the given JavaScript code with possible arguments.</doc>
<msg timestamp="20230305 15:07:44.133" level="INFO">No keyword will be run on failure.</msg>
<msg timestamp="20230305 15:07:44.133" level="INFO">No keyword will be run on failure.</msg>
<msg timestamp="20230305 15:07:44.133" level="INFO">No keyword will be run on failure.</msg>
<msg timestamp="20230305 15:07:44.133" level="INFO">No keyword will be run on failure.</msg>
<msg timestamp="20230305 15:07:44.134" level="INFO">No keyword will be run on failure.</msg>
<msg timestamp="20230305 15:07:44.134" level="INFO">Executing JavaScript:
document.querySelector('div[data-testid="sidebarColumn"]').style.display = 'none'
Without any arguments.</msg>
<msg timestamp="20230305 15:07:44.143" level="FAIL">JavascriptException: Message: javascript error: Cannot read properties of null (reading 'style')
  (Session info: chrome=110.0.5481.177)
</msg>
<status status="FAIL" starttime="20230305 15:07:44.133" endtime="20230305 15:07:44.144"/>
</kw>
<status status="PASS" starttime="20230305 15:07:44.132" endtime="20230305 15:07:44.144"/>
</kw>
<status status="PASS" starttime="20230305 15:07:44.128" endtime="20230305 15:07:44.145"/>
</kw>
<status status="PASS" starttime="20230305 15:07:44.128" endtime="20230305 15:07:44.145"/>
</iter>
<iter>
<var name="${locator}">div[data-testid="inlinePrompt"]</var>
<kw name="Hide element">
<arg>${locator}</arg>
<kw name="Mute Run On Failure" library="RPA.RobotLogListener">
<arg>Execute Javascript</arg>
<doc>Set keywords which should not execute `SeleniumLibrary`
default behaviour of running keyword on failure.</doc>
<kw name="Get Library Instance" library="BuiltIn">
<arg>RPA.Browser</arg>
<doc>Returns the currently active instance of the specified library.</doc>
<msg timestamp="20230305 15:07:44.149" level="FAIL">No library 'RPA.Browser' found.</msg>
<status status="FAIL" starttime="20230305 15:07:44.148" endtime="20230305 15:07:44.149"/>
</kw>
<kw name="Get Library Instance" library="BuiltIn">
<arg>RPA.Browser.Selenium</arg>
<doc>Returns the currently active instance of the specified library.</doc>
<status status="PASS" starttime="20230305 15:07:44.150" endtime="20230305 15:07:44.150"/>
</kw>
<status status="PASS" starttime="20230305 15:07:44.147" endtime="20230305 15:07:44.151"/>
</kw>
<kw name="Run Keyword And Ignore Error" library="BuiltIn">
<arg>Execute Javascript</arg>
<arg>document.querySelector('${locator}').style.display = 'none'</arg>
<doc>Runs the given keyword with the given arguments and ignores possible error.</doc>
<kw name="Execute Javascript" library="RPA.Browser.Selenium">
<arg>document.querySelector('${locator}').style.display = 'none'</arg>
<doc>Executes the given JavaScript code with possible arguments.</doc>
<msg timestamp="20230305 15:07:44.152" level="INFO">No keyword will be run on failure.</msg>
<msg timestamp="20230305 15:07:44.152" level="INFO">No keyword will be run on failure.</msg>
<msg timestamp="20230305 15:07:44.152" level="INFO">No keyword will be run on failure.</msg>
<msg timestamp="20230305 15:07:44.152" level="INFO">No keyword will be run on failure.</msg>
<msg timestamp="20230305 15:07:44.153" level="INFO">No keyword will be run on failure.</msg>
<msg timestamp="20230305 15:07:44.153" level="INFO">No keyword will be run on failure.</msg>
<msg timestamp="20230305 15:07:44.153" level="INFO">Executing JavaScript:
document.querySelector('div[data-testid="inlinePrompt"]').style.display = 'none'
Without any arguments.</msg>
<msg timestamp="20230305 15:07:44.165" level="FAIL">JavascriptException: Message: javascript error: Cannot read properties of null (reading 'style')
  (Session info: chrome=110.0.5481.177)
</msg>
<status status="FAIL" starttime="20230305 15:07:44.152" endtime="20230305 15:07:44.166"/>
</kw>
<status status="PASS" starttime="20230305 15:07:44.151" endtime="20230305 15:07:44.166"/>
</kw>
<status status="PASS" starttime="20230305 15:07:44.146" endtime="20230305 15:07:44.166"/>
</kw>
<status status="PASS" starttime="20230305 15:07:44.145" endtime="20230305 15:07:44.167"/>
</iter>
<iter>
<var name="${locator}">div[data-testid="sheetDialog"]</var>
<kw name="Hide element">
<arg>${locator}</arg>
<kw name="Mute Run On Failure" library="RPA.RobotLogListener">
<arg>Execute Javascript</arg>
<doc>Set keywords which should not execute `SeleniumLibrary`
default behaviour of running keyword on failure.</doc>
<kw name="Get Library Instance" library="BuiltIn">
<arg>RPA.Browser</arg>
<doc>Returns the currently active instance of the specified library.</doc>
<msg timestamp="20230305 15:07:44.169" level="FAIL">No library 'RPA.Browser' found.</msg>
<status status="FAIL" starttime="20230305 15:07:44.169" endtime="20230305 15:07:44.170"/>
</kw>
<kw name="Get Library Instance" library="BuiltIn">
<arg>RPA.Browser.Selenium</arg>
<doc>Returns the currently active instance of the specified library.</doc>
<status status="PASS" starttime="20230305 15:07:44.170" endtime="20230305 15:07:44.171"/>
</kw>
<status status="PASS" starttime="20230305 15:07:44.168" endtime="20230305 15:07:44.171"/>
</kw>
<kw name="Run Keyword And Ignore Error" library="BuiltIn">
<arg>Execute Javascript</arg>
<arg>document.querySelector('${locator}').style.display = 'none'</arg>
<doc>Runs the given keyword with the given arguments and ignores possible error.</doc>
<kw name="Execute Javascript" library="RPA.Browser.Selenium">
<arg>document.querySelector('${locator}').style.display = 'none'</arg>
<doc>Executes the given JavaScript code with possible arguments.</doc>
<msg timestamp="20230305 15:07:44.173" level="INFO">No keyword will be run on failure.</msg>
<msg timestamp="20230305 15:07:44.173" level="INFO">No keyword will be run on failure.</msg>
<msg timestamp="20230305 15:07:44.173" level="INFO">No keyword will be run on failure.</msg>
<msg timestamp="20230305 15:07:44.173" level="INFO">No keyword will be run on failure.</msg>
<msg timestamp="20230305 15:07:44.173" level="INFO">No keyword will be run on failure.</msg>
<msg timestamp="20230305 15:07:44.173" level="INFO">No keyword will be run on failure.</msg>
<msg timestamp="20230305 15:07:44.173" level="INFO">No keyword will be run on failure.</msg>
<msg timestamp="20230305 15:07:44.175" level="INFO">Executing JavaScript:
document.querySelector('div[data-testid="sheetDialog"]').style.display = 'none'
Without any arguments.</msg>
<msg timestamp="20230305 15:07:44.189" level="FAIL">JavascriptException: Message: javascript error: Cannot read properties of null (reading 'style')
  (Session info: chrome=110.0.5481.177)
</msg>
<status status="FAIL" starttime="20230305 15:07:44.172" endtime="20230305 15:07:44.190"/>
</kw>
<status status="PASS" starttime="20230305 15:07:44.172" endtime="20230305 15:07:44.190"/>
</kw>
<status status="PASS" starttime="20230305 15:07:44.167" endtime="20230305 15:07:44.191"/>
</kw>
<status status="PASS" starttime="20230305 15:07:44.167" endtime="20230305 15:07:44.191"/>
</iter>
<status status="PASS" starttime="20230305 15:07:44.001" endtime="20230305 15:07:44.192"/>
</for>
<status status="PASS" starttime="20230305 15:07:43.999" endtime="20230305 15:07:44.192"/>
</kw>
<kw name="Scroll down to load dynamic content">
<for flavor="IN RANGE">
<var>${pixels}</var>
<value>200</value>
<value>2000</value>
<value>200</value>
<iter>
<var name="${pixels}">200</var>
<kw name="Execute Javascript" library="RPA.Browser.Selenium">
<arg>window.scrollBy(0, ${pixels})</arg>
<doc>Executes the given JavaScript code with possible arguments.</doc>
<msg timestamp="20230305 15:07:44.195" level="INFO">No keyword will be run on failure.</msg>
<msg timestamp="20230305 15:07:44.195" level="INFO">No keyword will be run on failure.</msg>
<msg timestamp="20230305 15:07:44.195" level="INFO">No keyword will be run on failure.</msg>
<msg timestamp="20230305 15:07:44.195" level="INFO">No keyword will be run on failure.</msg>
<msg timestamp="20230305 15:07:44.195" level="INFO">No keyword will be run on failure.</msg>
<msg timestamp="20230305 15:07:44.195" level="INFO">No keyword will be run on failure.</msg>
<msg timestamp="20230305 15:07:44.195" level="INFO">No keyword will be run on failure.</msg>
<msg timestamp="20230305 15:07:44.196" level="INFO">Executing JavaScript:
window.scrollBy(0, 200)
Without any arguments.</msg>
<status status="PASS" starttime="20230305 15:07:44.194" endtime="20230305 15:07:44.233"/>
</kw>
<kw name="Sleep" library="BuiltIn">
<arg>500ms</arg>
<doc>Pauses the test executed for the given time.</doc>
<msg timestamp="20230305 15:07:44.735" level="INFO">Slept 500 milliseconds</msg>
<status status="PASS" starttime="20230305 15:07:44.233" endtime="20230305 15:07:44.735"/>
</kw>
<kw name="Hide distracting UI elements">
<kw name="Create List" library="BuiltIn">
<var>@{locators}</var>
<arg>header</arg>
<arg>\#layers &gt; div</arg>
<arg>nav</arg>
<arg>div[data-testid="primaryColumn"] &gt; div &gt; div</arg>
<arg>div[data-testid="sidebarColumn"]</arg>
<arg>div[data-testid="inlinePrompt"]</arg>
<arg>div[data-testid="sheetDialog"]</arg>
<doc>Returns a list containing given items.</doc>
<msg timestamp="20230305 15:07:44.738" level="INFO">@{locators} = [ header | #layers &gt; div | nav | div[data-testid="primaryColumn"] &gt; div &gt; div | div[data-testid="sidebarColumn"] | div[data-testid="inlinePrompt"] | div[data-testid="sheetDialog"] ]</msg>
<status status="PASS" starttime="20230305 15:07:44.737" endtime="20230305 15:07:44.738"/>
</kw>
<for flavor="IN">
<var>${locator}</var>
<value>@{locators}</value>
<iter>
<var name="${locator}">header</var>
<kw name="Hide element">
<arg>${locator}</arg>
<kw name="Mute Run On Failure" library="RPA.RobotLogListener">
<arg>Execute Javascript</arg>
<doc>Set keywords which should not execute `SeleniumLibrary`
default behaviour of running keyword on failure.</doc>
<kw name="Get Library Instance" library="BuiltIn">
<arg>RPA.Browser</arg>
<doc>Returns the currently active instance of the specified library.</doc>
<msg timestamp="20230305 15:07:44.742" level="FAIL">No library 'RPA.Browser' found.</msg>
<status status="FAIL" starttime="20230305 15:07:44.741" endtime="20230305 15:07:44.743"/>
</kw>
<kw name="Get Library Instance" library="BuiltIn">
<arg>RPA.Browser.Selenium</arg>
<doc>Returns the currently active instance of the specified library.</doc>
<status status="PASS" starttime="20230305 15:07:44.743" endtime="20230305 15:07:44.744"/>
</kw>
<status status="PASS" starttime="20230305 15:07:44.740" endtime="20230305 15:07:44.744"/>
</kw>
<kw name="Run Keyword And Ignore Error" library="BuiltIn">
<arg>Execute Javascript</arg>
<arg>document.querySelector('${locator}').style.display = 'none'</arg>
<doc>Runs the given keyword with the given arguments and ignores possible error.</doc>
<kw name="Execute Javascript" library="RPA.Browser.Selenium">
<arg>document.querySelector('${locator}').style.display = 'none'</arg>
<doc>Executes the given JavaScript code with possible arguments.</doc>
<msg timestamp="20230305 15:07:44.746" level="INFO">No keyword will be run on failure.</msg>
<msg timestamp="20230305 15:07:44.746" level="INFO">No keyword will be run on failure.</msg>
<msg timestamp="20230305 15:07:44.746" level="INFO">No keyword will be run on failure.</msg>
<msg timestamp="20230305 15:07:44.746" level="INFO">No keyword will be run on failure.</msg>
<msg timestamp="20230305 15:07:44.746" level="INFO">No keyword will be run on failure.</msg>
<msg timestamp="20230305 15:07:44.746" level="INFO">No keyword will be run on failure.</msg>
<msg timestamp="20230305 15:07:44.746" level="INFO">No keyword will be run on failure.</msg>
<msg timestamp="20230305 15:07:44.746" level="INFO">No keyword will be run on failure.</msg>
<msg timestamp="20230305 15:07:44.747" level="INFO">Executing JavaScript:
document.querySelector('header').style.display = 'none'
Without any arguments.</msg>
<status status="PASS" starttime="20230305 15:07:44.745" endtime="20230305 15:07:45.147"/>
</kw>
<status status="PASS" starttime="20230305 15:07:44.745" endtime="20230305 15:07:45.147"/>
</kw>
<status status="PASS" starttime="20230305 15:07:44.739" endtime="20230305 15:07:45.147"/>
</kw>
<status status="PASS" starttime="20230305 15:07:44.739" endtime="20230305 15:07:45.147"/>
</iter>
<iter>
<var name="${locator}">#layers &gt; div</var>
<kw name="Hide element">
<arg>${locator}</arg>
<kw name="Mute Run On Failure" library="RPA.RobotLogListener">
<arg>Execute Javascript</arg>
<doc>Set keywords which should not execute `SeleniumLibrary`
default behaviour of running keyword on failure.</doc>
<kw name="Get Library Instance" library="BuiltIn">
<arg>RPA.Browser</arg>
<doc>Returns the currently active instance of the specified library.</doc>
<msg timestamp="20230305 15:07:45.150" level="FAIL">No library 'RPA.Browser' found.</msg>
<status status="FAIL" starttime="20230305 15:07:45.149" endtime="20230305 15:07:45.150"/>
</kw>
<kw name="Get Library Instance" library="BuiltIn">
<arg>RPA.Browser.Selenium</arg>
<doc>Returns the currently active instance of the specified library.</doc>
<status status="PASS" starttime="20230305 15:07:45.151" endtime="20230305 15:07:45.151"/>
</kw>
<status status="PASS" starttime="20230305 15:07:45.149" endtime="20230305 15:07:45.152"/>
</kw>
<kw name="Run Keyword And Ignore Error" library="BuiltIn">
<arg>Execute Javascript</arg>
<arg>document.querySelector('${locator}').style.display = 'none'</arg>
<doc>Runs the given keyword with the given arguments and ignores possible error.</doc>
<kw name="Execute Javascript" library="RPA.Browser.Selenium">
<arg>document.querySelector('${locator}').style.display = 'none'</arg>
<doc>Executes the given JavaScript code with possible arguments.</doc>
<msg timestamp="20230305 15:07:45.153" level="INFO">No keyword will be run on failure.</msg>
<msg timestamp="20230305 15:07:45.153" level="INFO">No keyword will be run on failure.</msg>
<msg timestamp="20230305 15:07:45.153" level="INFO">No keyword will be run on failure.</msg>
<msg timestamp="20230305 15:07:45.153" level="INFO">No keyword will be run on failure.</msg>
<msg timestamp="20230305 15:07:45.153" level="INFO">No keyword will be run on failure.</msg>
<msg timestamp="20230305 15:07:45.153" level="INFO">No keyword will be run on failure.</msg>
<msg timestamp="20230305 15:07:45.153" level="INFO">No keyword will be run on failure.</msg>
<msg timestamp="20230305 15:07:45.153" level="INFO">No keyword will be run on failure.</msg>
<msg timestamp="20230305 15:07:45.153" level="INFO">No keyword will be run on failure.</msg>
<msg timestamp="20230305 15:07:45.154" level="INFO">Executing JavaScript:
document.querySelector('#layers &gt; div').style.display = 'none'
Without any arguments.</msg>
<msg timestamp="20230305 15:07:45.159" level="FAIL">JavascriptException: Message: javascript error: Cannot read properties of null (reading 'style')
  (Session info: chrome=110.0.5481.177)
</msg>
<status status="FAIL" starttime="20230305 15:07:45.153" endtime="20230305 15:07:45.160"/>
</kw>
<status status="PASS" starttime="20230305 15:07:45.152" endtime="20230305 15:07:45.160"/>
</kw>
<status status="PASS" starttime="20230305 15:07:45.148" endtime="20230305 15:07:45.161"/>
</kw>
<status status="PASS" starttime="20230305 15:07:45.148" endtime="20230305 15:07:45.161"/>
</iter>
<iter>
<var name="${locator}">nav</var>
<kw name="Hide element">
<arg>${locator}</arg>
<kw name="Mute Run On Failure" library="RPA.RobotLogListener">
<arg>Execute Javascript</arg>
<doc>Set keywords which should not execute `SeleniumLibrary`
default behaviour of running keyword on failure.</doc>
<kw name="Get Library Instance" library="BuiltIn">
<arg>RPA.Browser</arg>
<doc>Returns the currently active instance of the specified library.</doc>
<msg timestamp="20230305 15:07:45.164" level="FAIL">No library 'RPA.Browser' found.</msg>
<status status="FAIL" starttime="20230305 15:07:45.163" endtime="20230305 15:07:45.164"/>
</kw>
<kw name="Get Library Instance" library="BuiltIn">
<arg>RPA.Browser.Selenium</arg>
<doc>Returns the currently active instance of the specified library.</doc>
<status status="PASS" starttime="20230305 15:07:45.164" endtime="20230305 15:07:45.165"/>
</kw>
<status status="PASS" starttime="20230305 15:07:45.162" endtime="20230305 15:07:45.165"/>
</kw>
<kw name="Run Keyword And Ignore Error" library="BuiltIn">
<arg>Execute Javascript</arg>
<arg>document.querySelector('${locator}').style.display = 'none'</arg>
<doc>Runs the given keyword with the given arguments and ignores possible error.</doc>
<kw name="Execute Javascript" library="RPA.Browser.Selenium">
<arg>document.querySelector('${locator}').style.display = 'none'</arg>
<doc>Executes the given JavaScript code with possible arguments.</doc>
<msg timestamp="20230305 15:07:45.166" level="INFO">No keyword will be run on failure.</msg>
<msg timestamp="20230305 15:07:45.166" level="INFO">No keyword will be run on failure.</msg>
<msg timestamp="20230305 15:07:45.166" level="INFO">No keyword will be run on failure.</msg>
<msg timestamp="20230305 15:07:45.166" level="INFO">No keyword will be run on failure.</msg>
<msg timestamp="20230305 15:07:45.166" level="INFO">No keyword will be run on failure.</msg>
<msg timestamp="20230305 15:07:45.166" level="INFO">No keyword will be run on failure.</msg>
<msg timestamp="20230305 15:07:45.166" level="INFO">No keyword will be run on failure.</msg>
<msg timestamp="20230305 15:07:45.166" level="INFO">No keyword will be run on failure.</msg>
<msg timestamp="20230305 15:07:45.166" level="INFO">No keyword will be run on failure.</msg>
<msg timestamp="20230305 15:07:45.166" level="INFO">No keyword will be run on failure.</msg>
<msg timestamp="20230305 15:07:45.167" level="INFO">Executing JavaScript:
document.querySelector('nav').style.display = 'none'
Without any arguments.</msg>
<status status="PASS" starttime="20230305 15:07:45.166" endtime="20230305 15:07:45.173"/>
</kw>
<status status="PASS" starttime="20230305 15:07:45.165" endtime="20230305 15:07:45.173"/>
</kw>
<status status="PASS" starttime="20230305 15:07:45.161" endtime="20230305 15:07:45.174"/>
</kw>
<status status="PASS" starttime="20230305 15:07:45.161" endtime="20230305 15:07:45.174"/>
</iter>
<iter>
<var name="${locator}">div[data-testid="primaryColumn"] &gt; div &gt; div</var>
<kw name="Hide element">
<arg>${locator}</arg>
<kw name="Mute Run On Failure" library="RPA.RobotLogListener">
<arg>Execute Javascript</arg>
<doc>Set keywords which should not execute `SeleniumLibrary`
default behaviour of running keyword on failure.</doc>
<kw name="Get Library Instance" library="BuiltIn">
<arg>RPA.Browser</arg>
<doc>Returns the currently active instance of the specified library.</doc>
<msg timestamp="20230305 15:07:45.177" level="FAIL">No library 'RPA.Browser' found.</msg>
<status status="FAIL" starttime="20230305 15:07:45.176" endtime="20230305 15:07:45.178"/>
</kw>
<kw name="Get Library Instance" library="BuiltIn">
<arg>RPA.Browser.Selenium</arg>
<doc>Returns the currently active instance of the specified library.</doc>
<status status="PASS" starttime="20230305 15:07:45.178" endtime="20230305 15:07:45.179"/>
</kw>
<status status="PASS" starttime="20230305 15:07:45.175" endtime="20230305 15:07:45.179"/>
</kw>
<kw name="Run Keyword And Ignore Error" library="BuiltIn">
<arg>Execute Javascript</arg>
<arg>document.querySelector('${locator}').style.display = 'none'</arg>
<doc>Runs the given keyword with the given arguments and ignores possible error.</doc>
<kw name="Execute Javascript" library="RPA.Browser.Selenium">
<arg>document.querySelector('${locator}').style.display = 'none'</arg>
<doc>Executes the given JavaScript code with possible arguments.</doc>
<msg timestamp="20230305 15:07:45.180" level="INFO">No keyword will be run on failure.</msg>
<msg timestamp="20230305 15:07:45.180" level="INFO">No keyword will be run on failure.</msg>
<msg timestamp="20230305 15:07:45.180" level="INFO">No keyword will be run on failure.</msg>
<msg timestamp="20230305 15:07:45.181" level="INFO">No keyword will be run on failure.</msg>
<msg timestamp="20230305 15:07:45.181" level="INFO">No keyword will be run on failure.</msg>
<msg timestamp="20230305 15:07:45.181" level="INFO">No keyword will be run on failure.</msg>
<msg timestamp="20230305 15:07:45.181" level="INFO">No keyword will be run on failure.</msg>
<msg timestamp="20230305 15:07:45.181" level="INFO">No keyword will be run on failure.</msg>
<msg timestamp="20230305 15:07:45.181" level="INFO">No keyword will be run on failure.</msg>
<msg timestamp="20230305 15:07:45.181" level="INFO">No keyword will be run on failure.</msg>
<msg timestamp="20230305 15:07:45.181" level="INFO">No keyword will be run on failure.</msg>
<msg timestamp="20230305 15:07:45.181" level="INFO">Executing JavaScript:
document.querySelector('div[data-testid="primaryColumn"] &gt; div &gt; div').style.display = 'none'
Without any arguments.</msg>
<msg timestamp="20230305 15:07:45.187" level="FAIL">JavascriptException: Message: javascript error: Cannot read properties of null (reading 'style')
  (Session info: chrome=110.0.5481.177)
</msg>
<status status="FAIL" starttime="20230305 15:07:45.180" endtime="20230305 15:07:45.188"/>
</kw>
<status status="PASS" starttime="20230305 15:07:45.180" endtime="20230305 15:07:45.189"/>
</kw>
<status status="PASS" starttime="20230305 15:07:45.175" endtime="20230305 15:07:45.189"/>
</kw>
<status status="PASS" starttime="20230305 15:07:45.174" endtime="20230305 15:07:45.190"/>
</iter>
<iter>
<var name="${locator}">div[data-testid="sidebarColumn"]</var>
<kw name="Hide element">
<arg>${locator}</arg>
<kw name="Mute Run On Failure" library="RPA.RobotLogListener">
<arg>Execute Javascript</arg>
<doc>Set keywords which should not execute `SeleniumLibrary`
default behaviour of running keyword on failure.</doc>
<kw name="Get Library Instance" library="BuiltIn">
<arg>RPA.Browser</arg>
<doc>Returns the currently active instance of the specified library.</doc>
<msg timestamp="20230305 15:07:45.193" level="FAIL">No library 'RPA.Browser' found.</msg>
<status status="FAIL" starttime="20230305 15:07:45.192" endtime="20230305 15:07:45.193"/>
</kw>
<kw name="Get Library Instance" library="BuiltIn">
<arg>RPA.Browser.Selenium</arg>
<doc>Returns the currently active instance of the specified library.</doc>
<status status="PASS" starttime="20230305 15:07:45.194" endtime="20230305 15:07:45.194"/>
</kw>
<status status="PASS" starttime="20230305 15:07:45.191" endtime="20230305 15:07:45.195"/>
</kw>
<kw name="Run Keyword And Ignore Error" library="BuiltIn">
<arg>Execute Javascript</arg>
<arg>document.querySelector('${locator}').style.display = 'none'</arg>
<doc>Runs the given keyword with the given arguments and ignores possible error.</doc>
<kw name="Execute Javascript" library="RPA.Browser.Selenium">
<arg>document.querySelector('${locator}').style.display = 'none'</arg>
<doc>Executes the given JavaScript code with possible arguments.</doc>
<msg timestamp="20230305 15:07:45.196" level="INFO">No keyword will be run on failure.</msg>
<msg timestamp="20230305 15:07:45.196" level="INFO">No keyword will be run on failure.</msg>
<msg timestamp="20230305 15:07:45.196" level="INFO">No keyword will be run on failure.</msg>
<msg timestamp="20230305 15:07:45.196" level="INFO">No keyword will be run on failure.</msg>
<msg timestamp="20230305 15:07:45.196" level="INFO">No keyword will be run on failure.</msg>
<msg timestamp="20230305 15:07:45.196" level="INFO">No keyword will be run on failure.</msg>
<msg timestamp="20230305 15:07:45.196" level="INFO">No keyword will be run on failure.</msg>
<msg timestamp="20230305 15:07:45.196" level="INFO">No keyword will be run on failure.</msg>
<msg timestamp="20230305 15:07:45.196" level="INFO">No keyword will be run on failure.</msg>
<msg timestamp="20230305 15:07:45.196" level="INFO">No keyword will be run on failure.</msg>
<msg timestamp="20230305 15:07:45.196" level="INFO">No keyword will be run on failure.</msg>
<msg timestamp="20230305 15:07:45.196" level="INFO">No keyword will be run on failure.</msg>
<msg timestamp="20230305 15:07:45.197" level="INFO">Executing JavaScript:
document.querySelector('div[data-testid="sidebarColumn"]').style.display = 'none'
Without any arguments.</msg>
<msg timestamp="20230305 15:07:49.667" level="FAIL">JavascriptException: Message: javascript error: Cannot read properties of null (reading 'style')
  (Session info: chrome=110.0.5481.177)
</msg>
<status status="FAIL" starttime="20230305 15:07:45.195" endtime="20230305 15:07:49.668"/>
</kw>
<status status="PASS" starttime="20230305 15:07:45.195" endtime="20230305 15:07:49.668"/>
</kw>
<status status="PASS" starttime="20230305 15:07:45.191" endtime="20230305 15:07:49.669"/>
</kw>
<status status="PASS" starttime="20230305 15:07:45.190" endtime="20230305 15:07:49.669"/>
</iter>
<iter>
<var name="${locator}">div[data-testid="inlinePrompt"]</var>
<kw name="Hide element">
<arg>${locator}</arg>
<kw name="Mute Run On Failure" library="RPA.RobotLogListener">
<arg>Execute Javascript</arg>
<doc>Set keywords which should not execute `SeleniumLibrary`
default behaviour of running keyword on failure.</doc>
<kw name="Get Library Instance" library="BuiltIn">
<arg>RPA.Browser</arg>
<doc>Returns the currently active instance of the specified library.</doc>
<msg timestamp="20230305 15:07:49.674" level="FAIL">No library 'RPA.Browser' found.</msg>
<status status="FAIL" starttime="20230305 15:07:49.672" endtime="20230305 15:07:49.674"/>
</kw>
<kw name="Get Library Instance" library="BuiltIn">
<arg>RPA.Browser.Selenium</arg>
<doc>Returns the currently active instance of the specified library.</doc>
<status status="PASS" starttime="20230305 15:07:49.675" endtime="20230305 15:07:49.675"/>
</kw>
<status status="PASS" starttime="20230305 15:07:49.671" endtime="20230305 15:07:49.676"/>
</kw>
<kw name="Run Keyword And Ignore Error" library="BuiltIn">
<arg>Execute Javascript</arg>
<arg>document.querySelector('${locator}').style.display = 'none'</arg>
<doc>Runs the given keyword with the given arguments and ignores possible error.</doc>
<kw name="Execute Javascript" library="RPA.Browser.Selenium">
<arg>document.querySelector('${locator}').style.display = 'none'</arg>
<doc>Executes the given JavaScript code with possible arguments.</doc>
<msg timestamp="20230305 15:07:49.678" level="INFO">No keyword will be run on failure.</msg>
<msg timestamp="20230305 15:07:49.678" level="INFO">No keyword will be run on failure.</msg>
<msg timestamp="20230305 15:07:49.678" level="INFO">No keyword will be run on failure.</msg>
<msg timestamp="20230305 15:07:49.678" level="INFO">No keyword will be run on failure.</msg>
<msg timestamp="20230305 15:07:49.678" level="INFO">No keyword will be run on failure.</msg>
<msg timestamp="20230305 15:07:49.678" level="INFO">No keyword will be run on failure.</msg>
<msg timestamp="20230305 15:07:49.678" level="INFO">No keyword will be run on failure.</msg>
<msg timestamp="20230305 15:07:49.678" level="INFO">No keyword will be run on failure.</msg>
<msg timestamp="20230305 15:07:49.678" level="INFO">No keyword will be run on failure.</msg>
<msg timestamp="20230305 15:07:49.678" level="INFO">No keyword will be run on failure.</msg>
<msg timestamp="20230305 15:07:49.678" level="INFO">No keyword will be run on failure.</msg>
<msg timestamp="20230305 15:07:49.678" level="INFO">No keyword will be run on failure.</msg>
<msg timestamp="20230305 15:07:49.678" level="INFO">No keyword will be run on failure.</msg>
<msg timestamp="20230305 15:07:49.679" level="INFO">Executing JavaScript:
document.querySelector('div[data-testid="inlinePrompt"]').style.display = 'none'
Without any arguments.</msg>
<msg timestamp="20230305 15:07:49.704" level="FAIL">JavascriptException: Message: javascript error: Cannot read properties of null (reading 'style')
  (Session info: chrome=110.0.5481.177)
</msg>
<status status="FAIL" starttime="20230305 15:07:49.677" endtime="20230305 15:07:49.705"/>
</kw>
<status status="PASS" starttime="20230305 15:07:49.676" endtime="20230305 15:07:49.705"/>
</kw>
<status status="PASS" starttime="20230305 15:07:49.670" endtime="20230305 15:07:49.706"/>
</kw>
<status status="PASS" starttime="20230305 15:07:49.670" endtime="20230305 15:07:49.706"/>
</iter>
<iter>
<var name="${locator}">div[data-testid="sheetDialog"]</var>
<kw name="Hide element">
<arg>${locator}</arg>
<kw name="Mute Run On Failure" library="RPA.RobotLogListener">
<arg>Execute Javascript</arg>
<doc>Set keywords which should not execute `SeleniumLibrary`
default behaviour of running keyword on failure.</doc>
<kw name="Get Library Instance" library="BuiltIn">
<arg>RPA.Browser</arg>
<doc>Returns the currently active instance of the specified library.</doc>
<msg timestamp="20230305 15:07:49.710" level="FAIL">No library 'RPA.Browser' found.</msg>
<status status="FAIL" starttime="20230305 15:07:49.708" endtime="20230305 15:07:49.710"/>
</kw>
<kw name="Get Library Instance" library="BuiltIn">
<arg>RPA.Browser.Selenium</arg>
<doc>Returns the currently active instance of the specified library.</doc>
<status status="PASS" starttime="20230305 15:07:49.710" endtime="20230305 15:07:49.711"/>
</kw>
<status status="PASS" starttime="20230305 15:07:49.707" endtime="20230305 15:07:49.711"/>
</kw>
<kw name="Run Keyword And Ignore Error" library="BuiltIn">
<arg>Execute Javascript</arg>
<arg>document.querySelector('${locator}').style.display = 'none'</arg>
<doc>Runs the given keyword with the given arguments and ignores possible error.</doc>
<kw name="Execute Javascript" library="RPA.Browser.Selenium">
<arg>document.querySelector('${locator}').style.display = 'none'</arg>
<doc>Executes the given JavaScript code with possible arguments.</doc>
<msg timestamp="20230305 15:07:49.713" level="INFO">No keyword will be run on failure.</msg>
<msg timestamp="20230305 15:07:49.713" level="INFO">No keyword will be run on failure.</msg>
<msg timestamp="20230305 15:07:49.713" level="INFO">No keyword will be run on failure.</msg>
<msg timestamp="20230305 15:07:49.713" level="INFO">No keyword will be run on failure.</msg>
<msg timestamp="20230305 15:07:49.713" level="INFO">No keyword will be run on failure.</msg>
<msg timestamp="20230305 15:07:49.713" level="INFO">No keyword will be run on failure.</msg>
<msg timestamp="20230305 15:07:49.713" level="INFO">No keyword will be run on failure.</msg>
<msg timestamp="20230305 15:07:49.713" level="INFO">No keyword will be run on failure.</msg>
<msg timestamp="20230305 15:07:49.713" level="INFO">No keyword will be run on failure.</msg>
<msg timestamp="20230305 15:07:49.713" level="INFO">No keyword will be run on failure.</msg>
<msg timestamp="20230305 15:07:49.713" level="INFO">No keyword will be run on failure.</msg>
<msg timestamp="20230305 15:07:49.713" level="INFO">No keyword will be run on failure.</msg>
<msg timestamp="20230305 15:07:49.713" level="INFO">No keyword will be run on failure.</msg>
<msg timestamp="20230305 15:07:49.713" level="INFO">No keyword will be run on failure.</msg>
<msg timestamp="20230305 15:07:49.714" level="INFO">Executing JavaScript:
document.querySelector('div[data-testid="sheetDialog"]').style.display = 'none'
Without any arguments.</msg>
<msg timestamp="20230305 15:07:49.731" level="FAIL">JavascriptException: Message: javascript error: Cannot read properties of null (reading 'style')
  (Session info: chrome=110.0.5481.177)
</msg>
<status status="FAIL" starttime="20230305 15:07:49.712" endtime="20230305 15:07:49.731"/>
</kw>
<status status="PASS" starttime="20230305 15:07:49.712" endtime="20230305 15:07:49.732"/>
</kw>
<status status="PASS" starttime="20230305 15:07:49.707" endtime="20230305 15:07:49.732"/>
</kw>
<status status="PASS" starttime="20230305 15:07:49.706" endtime="20230305 15:07:49.732"/>
</iter>
<status status="PASS" starttime="20230305 15:07:44.738" endtime="20230305 15:07:49.733"/>
</for>
<status status="PASS" starttime="20230305 15:07:44.735" endtime="20230305 15:07:49.733"/>
</kw>
<status status="PASS" starttime="20230305 15:07:44.194" endtime="20230305 15:07:49.733"/>
</iter>
<iter>
<var name="${pixels}">400</var>
<kw name="Execute Javascript" library="RPA.Browser.Selenium">
<arg>window.scrollBy(0, ${pixels})</arg>
<doc>Executes the given JavaScript code with possible arguments.</doc>
<msg timestamp="20230305 15:07:49.735" level="INFO">No keyword will be run on failure.</msg>
<msg timestamp="20230305 15:07:49.735" level="INFO">No keyword will be run on failure.</msg>
<msg timestamp="20230305 15:07:49.735" level="INFO">No keyword will be run on failure.</msg>
<msg timestamp="20230305 15:07:49.735" level="INFO">No keyword will be run on failure.</msg>
<msg timestamp="20230305 15:07:49.735" level="INFO">No keyword will be run on failure.</msg>
<msg timestamp="20230305 15:07:49.735" level="INFO">No keyword will be run on failure.</msg>
<msg timestamp="20230305 15:07:49.735" level="INFO">No keyword will be run on failure.</msg>
<msg timestamp="20230305 15:07:49.735" level="INFO">No keyword will be run on failure.</msg>
<msg timestamp="20230305 15:07:49.735" level="INFO">No keyword will be run on failure.</msg>
<msg timestamp="20230305 15:07:49.735" level="INFO">No keyword will be run on failure.</msg>
<msg timestamp="20230305 15:07:49.735" level="INFO">No keyword will be run on failure.</msg>
<msg timestamp="20230305 15:07:49.735" level="INFO">No keyword will be run on failure.</msg>
<msg timestamp="20230305 15:07:49.735" level="INFO">No keyword will be run on failure.</msg>
<msg timestamp="20230305 15:07:49.735" level="INFO">No keyword will be run on failure.</msg>
<msg timestamp="20230305 15:07:49.736" level="INFO">Executing JavaScript:
window.scrollBy(0, 400)
Without any arguments.</msg>
<status status="PASS" starttime="20230305 15:07:49.734" endtime="20230305 15:07:49.762"/>
</kw>
<kw name="Sleep" library="BuiltIn">
<arg>500ms</arg>
<doc>Pauses the test executed for the given time.</doc>
<msg timestamp="20230305 15:07:50.263" level="INFO">Slept 500 milliseconds</msg>
<status status="PASS" starttime="20230305 15:07:49.762" endtime="20230305 15:07:50.263"/>
</kw>
<kw name="Hide distracting UI elements">
<kw name="Create List" library="BuiltIn">
<var>@{locators}</var>
<arg>header</arg>
<arg>\#layers &gt; div</arg>
<arg>nav</arg>
<arg>div[data-testid="primaryColumn"] &gt; div &gt; div</arg>
<arg>div[data-testid="sidebarColumn"]</arg>
<arg>div[data-testid="inlinePrompt"]</arg>
<arg>div[data-testid="sheetDialog"]</arg>
<doc>Returns a list containing given items.</doc>
<msg timestamp="20230305 15:07:50.265" level="INFO">@{locators} = [ header | #layers &gt; div | nav | div[data-testid="primaryColumn"] &gt; div &gt; div | div[data-testid="sidebarColumn"] | div[data-testid="inlinePrompt"] | div[data-testid="sheetDialog"] ]</msg>
<status status="PASS" starttime="20230305 15:07:50.265" endtime="20230305 15:07:50.265"/>
</kw>
<for flavor="IN">
<var>${locator}</var>
<value>@{locators}</value>
<iter>
<var name="${locator}">header</var>
<kw name="Hide element">
<arg>${locator}</arg>
<kw name="Mute Run On Failure" library="RPA.RobotLogListener">
<arg>Execute Javascript</arg>
<doc>Set keywords which should not execute `SeleniumLibrary`
default behaviour of running keyword on failure.</doc>
<kw name="Get Library Instance" library="BuiltIn">
<arg>RPA.Browser</arg>
<doc>Returns the currently active instance of the specified library.</doc>
<msg timestamp="20230305 15:07:50.269" level="FAIL">No library 'RPA.Browser' found.</msg>
<status status="FAIL" starttime="20230305 15:07:50.268" endtime="20230305 15:07:50.270"/>
</kw>
<kw name="Get Library Instance" library="BuiltIn">
<arg>RPA.Browser.Selenium</arg>
<doc>Returns the currently active instance of the specified library.</doc>
<status status="PASS" starttime="20230305 15:07:50.270" endtime="20230305 15:07:50.271"/>
</kw>
<status status="PASS" starttime="20230305 15:07:50.267" endtime="20230305 15:07:50.271"/>
</kw>
<kw name="Run Keyword And Ignore Error" library="BuiltIn">
<arg>Execute Javascript</arg>
<arg>document.querySelector('${locator}').style.display = 'none'</arg>
<doc>Runs the given keyword with the given arguments and ignores possible error.</doc>
<kw name="Execute Javascript" library="RPA.Browser.Selenium">
<arg>document.querySelector('${locator}').style.display = 'none'</arg>
<doc>Executes the given JavaScript code with possible arguments.</doc>
<msg timestamp="20230305 15:07:50.273" level="INFO">No keyword will be run on failure.</msg>
<msg timestamp="20230305 15:07:50.273" level="INFO">No keyword will be run on failure.</msg>
<msg timestamp="20230305 15:07:50.273" level="INFO">No keyword will be run on failure.</msg>
<msg timestamp="20230305 15:07:50.273" level="INFO">No keyword will be run on failure.</msg>
<msg timestamp="20230305 15:07:50.273" level="INFO">No keyword will be run on failure.</msg>
<msg timestamp="20230305 15:07:50.274" level="INFO">No keyword will be run on failure.</msg>
<msg timestamp="20230305 15:07:50.274" level="INFO">No keyword will be run on failure.</msg>
<msg timestamp="20230305 15:07:50.274" level="INFO">No keyword will be run on failure.</msg>
<msg timestamp="20230305 15:07:50.274" level="INFO">No keyword will be run on failure.</msg>
<msg timestamp="20230305 15:07:50.274" level="INFO">No keyword will be run on failure.</msg>
<msg timestamp="20230305 15:07:50.274" level="INFO">No keyword will be run on failure.</msg>
<msg timestamp="20230305 15:07:50.274" level="INFO">No keyword will be run on failure.</msg>
<msg timestamp="20230305 15:07:50.274" level="INFO">No keyword will be run on failure.</msg>
<msg timestamp="20230305 15:07:50.274" level="INFO">No keyword will be run on failure.</msg>
<msg timestamp="20230305 15:07:50.274" level="INFO">No keyword will be run on failure.</msg>
<msg timestamp="20230305 15:07:50.275" level="INFO">Executing JavaScript:
document.querySelector('header').style.display = 'none'
Without any arguments.</msg>
<status status="PASS" starttime="20230305 15:07:50.273" endtime="20230305 15:07:50.439"/>
</kw>
<status status="PASS" starttime="20230305 15:07:50.272" endtime="20230305 15:07:50.440"/>
</kw>
<status status="PASS" starttime="20230305 15:07:50.267" endtime="20230305 15:07:50.440"/>
</kw>
<status status="PASS" starttime="20230305 15:07:50.266" endtime="20230305 15:07:50.441"/>
</iter>
<iter>
<var name="${locator}">#layers &gt; div</var>
<kw name="Hide element">
<arg>${locator}</arg>
<kw name="Mute Run On Failure" library="RPA.RobotLogListener">
<arg>Execute Javascript</arg>
<doc>Set keywords which should not execute `SeleniumLibrary`
default behaviour of running keyword on failure.</doc>
<kw name="Get Library Instance" library="BuiltIn">
<arg>RPA.Browser</arg>
<doc>Returns the currently active instance of the specified library.</doc>
<msg timestamp="20230305 15:07:50.444" level="FAIL">No library 'RPA.Browser' found.</msg>
<status status="FAIL" starttime="20230305 15:07:50.443" endtime="20230305 15:07:50.445"/>
</kw>
<kw name="Get Library Instance" library="BuiltIn">
<arg>RPA.Browser.Selenium</arg>
<doc>Returns the currently active instance of the specified library.</doc>
<status status="PASS" starttime="20230305 15:07:50.445" endtime="20230305 15:07:50.446"/>
</kw>
<status status="PASS" starttime="20230305 15:07:50.442" endtime="20230305 15:07:50.446"/>
</kw>
<kw name="Run Keyword And Ignore Error" library="BuiltIn">
<arg>Execute Javascript</arg>
<arg>document.querySelector('${locator}').style.display = 'none'</arg>
<doc>Runs the given keyword with the given arguments and ignores possible error.</doc>
<kw name="Execute Javascript" library="RPA.Browser.Selenium">
<arg>document.querySelector('${locator}').style.display = 'none'</arg>
<doc>Executes the given JavaScript code with possible arguments.</doc>
<msg timestamp="20230305 15:07:50.465" level="INFO">No keyword will be run on failure.</msg>
<msg timestamp="20230305 15:07:50.465" level="INFO">No keyword will be run on failure.</msg>
<msg timestamp="20230305 15:07:50.465" level="INFO">No keyword will be run on failure.</msg>
<msg timestamp="20230305 15:07:50.465" level="INFO">No keyword will be run on failure.</msg>
<msg timestamp="20230305 15:07:50.465" level="INFO">No keyword will be run on failure.</msg>
<msg timestamp="20230305 15:07:50.465" level="INFO">No keyword will be run on failure.</msg>
<msg timestamp="20230305 15:07:50.465" level="INFO">No keyword will be run on failure.</msg>
<msg timestamp="20230305 15:07:50.465" level="INFO">No keyword will be run on failure.</msg>
<msg timestamp="20230305 15:07:50.465" level="INFO">No keyword will be run on failure.</msg>
<msg timestamp="20230305 15:07:50.465" level="INFO">No keyword will be run on failure.</msg>
<msg timestamp="20230305 15:07:50.466" level="INFO">No keyword will be run on failure.</msg>
<msg timestamp="20230305 15:07:50.466" level="INFO">No keyword will be run on failure.</msg>
<msg timestamp="20230305 15:07:50.466" level="INFO">No keyword will be run on failure.</msg>
<msg timestamp="20230305 15:07:50.466" level="INFO">No keyword will be run on failure.</msg>
<msg timestamp="20230305 15:07:50.466" level="INFO">No keyword will be run on failure.</msg>
<msg timestamp="20230305 15:07:50.466" level="INFO">No keyword will be run on failure.</msg>
<msg timestamp="20230305 15:07:50.466" level="INFO">Executing JavaScript:
document.querySelector('#layers &gt; div').style.display = 'none'
Without any arguments.</msg>
<msg timestamp="20230305 15:07:50.509" level="FAIL">JavascriptException: Message: javascript error: Cannot read properties of null (reading 'style')
  (Session info: chrome=110.0.5481.177)
</msg>
<status status="FAIL" starttime="20230305 15:07:50.465" endtime="20230305 15:07:50.510"/>
</kw>
<status status="PASS" starttime="20230305 15:07:50.464" endtime="20230305 15:07:50.510"/>
</kw>
<status status="PASS" starttime="20230305 15:07:50.442" endtime="20230305 15:07:50.511"/>
</kw>
<status status="PASS" starttime="20230305 15:07:50.441" endtime="20230305 15:07:50.511"/>
</iter>
<iter>
<var name="${locator}">nav</var>
<kw name="Hide element">
<arg>${locator}</arg>
<kw name="Mute Run On Failure" library="RPA.RobotLogListener">
<arg>Execute Javascript</arg>
<doc>Set keywords which should not execute `SeleniumLibrary`
default behaviour of running keyword on failure.</doc>
<kw name="Get Library Instance" library="BuiltIn">
<arg>RPA.Browser</arg>
<doc>Returns the currently active instance of the specified library.</doc>
<msg timestamp="20230305 15:07:50.515" level="FAIL">No library 'RPA.Browser' found.</msg>
<status status="FAIL" starttime="20230305 15:07:50.514" endtime="20230305 15:07:50.516"/>
</kw>
<kw name="Get Library Instance" library="BuiltIn">
<arg>RPA.Browser.Selenium</arg>
<doc>Returns the currently active instance of the specified library.</doc>
<status status="PASS" starttime="20230305 15:07:50.516" endtime="20230305 15:07:50.517"/>
</kw>
<status status="PASS" starttime="20230305 15:07:50.513" endtime="20230305 15:07:50.518"/>
</kw>
<kw name="Run Keyword And Ignore Error" library="BuiltIn">
<arg>Execute Javascript</arg>
<arg>document.querySelector('${locator}').style.display = 'none'</arg>
<doc>Runs the given keyword with the given arguments and ignores possible error.</doc>
<kw name="Execute Javascript" library="RPA.Browser.Selenium">
<arg>document.querySelector('${locator}').style.display = 'none'</arg>
<doc>Executes the given JavaScript code with possible arguments.</doc>
<msg timestamp="20230305 15:07:50.539" level="INFO">No keyword will be run on failure.</msg>
<msg timestamp="20230305 15:07:50.539" level="INFO">No keyword will be run on failure.</msg>
<msg timestamp="20230305 15:07:50.539" level="INFO">No keyword will be run on failure.</msg>
<msg timestamp="20230305 15:07:50.539" level="INFO">No keyword will be run on failure.</msg>
<msg timestamp="20230305 15:07:50.540" level="INFO">No keyword will be run on failure.</msg>
<msg timestamp="20230305 15:07:50.540" level="INFO">No keyword will be run on failure.</msg>
<msg timestamp="20230305 15:07:50.540" level="INFO">No keyword will be run on failure.</msg>
<msg timestamp="20230305 15:07:50.540" level="INFO">No keyword will be run on failure.</msg>
<msg timestamp="20230305 15:07:50.540" level="INFO">No keyword will be run on failure.</msg>
<msg timestamp="20230305 15:07:50.540" level="INFO">No keyword will be run on failure.</msg>
<msg timestamp="20230305 15:07:50.540" level="INFO">No keyword will be run on failure.</msg>
<msg timestamp="20230305 15:07:50.540" level="INFO">No keyword will be run on failure.</msg>
<msg timestamp="20230305 15:07:50.540" level="INFO">No keyword will be run on failure.</msg>
<msg timestamp="20230305 15:07:50.540" level="INFO">No keyword will be run on failure.</msg>
<msg timestamp="20230305 15:07:50.540" level="INFO">No keyword will be run on failure.</msg>
<msg timestamp="20230305 15:07:50.540" level="INFO">No keyword will be run on failure.</msg>
<msg timestamp="20230305 15:07:50.540" level="INFO">No keyword will be run on failure.</msg>
<msg timestamp="20230305 15:07:50.541" level="INFO">Executing JavaScript:
document.querySelector('nav').style.display = 'none'
Without any arguments.</msg>
<status status="PASS" starttime="20230305 15:07:50.519" endtime="20230305 15:07:50.617"/>
</kw>
<status status="PASS" starttime="20230305 15:07:50.518" endtime="20230305 15:07:50.618"/>
</kw>
<status status="PASS" starttime="20230305 15:07:50.512" endtime="20230305 15:07:50.618"/>
</kw>
<status status="PASS" starttime="20230305 15:07:50.512" endtime="20230305 15:07:50.618"/>
</iter>
<iter>
<var name="${locator}">div[data-testid="primaryColumn"] &gt; div &gt; div</var>
<kw name="Hide element">
<arg>${locator}</arg>
<kw name="Mute Run On Failure" library="RPA.RobotLogListener">
<arg>Execute Javascript</arg>
<doc>Set keywords which should not execute `SeleniumLibrary`
default behaviour of running keyword on failure.</doc>
<kw name="Get Library Instance" library="BuiltIn">
<arg>RPA.Browser</arg>
<doc>Returns the currently active instance of the specified library.</doc>
<msg timestamp="20230305 15:07:50.622" level="FAIL">No library 'RPA.Browser' found.</msg>
<status status="FAIL" starttime="20230305 15:07:50.621" endtime="20230305 15:07:50.623"/>
</kw>
<kw name="Get Library Instance" library="BuiltIn">
<arg>RPA.Browser.Selenium</arg>
<doc>Returns the currently active instance of the specified library.</doc>
<status status="PASS" starttime="20230305 15:07:50.623" endtime="20230305 15:07:50.624"/>
</kw>
<status status="PASS" starttime="20230305 15:07:50.620" endtime="20230305 15:07:50.624"/>
</kw>
<kw name="Run Keyword And Ignore Error" library="BuiltIn">
<arg>Execute Javascript</arg>
<arg>document.querySelector('${locator}').style.display = 'none'</arg>
<doc>Runs the given keyword with the given arguments and ignores possible error.</doc>
<kw name="Execute Javascript" library="RPA.Browser.Selenium">
<arg>document.querySelector('${locator}').style.display = 'none'</arg>
<doc>Executes the given JavaScript code with possible arguments.</doc>
<msg timestamp="20230305 15:07:50.626" level="INFO">No keyword will be run on failure.</msg>
<msg timestamp="20230305 15:07:50.626" level="INFO">No keyword will be run on failure.</msg>
<msg timestamp="20230305 15:07:50.626" level="INFO">No keyword will be run on failure.</msg>
<msg timestamp="20230305 15:07:50.626" level="INFO">No keyword will be run on failure.</msg>
<msg timestamp="20230305 15:07:50.626" level="INFO">No keyword will be run on failure.</msg>
<msg timestamp="20230305 15:07:50.626" level="INFO">No keyword will be run on failure.</msg>
<msg timestamp="20230305 15:07:50.626" level="INFO">No keyword will be run on failure.</msg>
<msg timestamp="20230305 15:07:50.626" level="INFO">No keyword will be run on failure.</msg>
<msg timestamp="20230305 15:07:50.626" level="INFO">No keyword will be run on failure.</msg>
<msg timestamp="20230305 15:07:50.626" level="INFO">No keyword will be run on failure.</msg>
<msg timestamp="20230305 15:07:50.626" level="INFO">No keyword will be run on failure.</msg>
<msg timestamp="20230305 15:07:50.626" level="INFO">No keyword will be run on failure.</msg>
<msg timestamp="20230305 15:07:50.626" level="INFO">No keyword will be run on failure.</msg>
<msg timestamp="20230305 15:07:50.626" level="INFO">No keyword will be run on failure.</msg>
<msg timestamp="20230305 15:07:50.626" level="INFO">No keyword will be run on failure.</msg>
<msg timestamp="20230305 15:07:50.626" level="INFO">No keyword will be run on failure.</msg>
<msg timestamp="20230305 15:07:50.626" level="INFO">No keyword will be run on failure.</msg>
<msg timestamp="20230305 15:07:50.626" level="INFO">No keyword will be run on failure.</msg>
<msg timestamp="20230305 15:07:50.627" level="INFO">Executing JavaScript:
document.querySelector('div[data-testid="primaryColumn"] &gt; div &gt; div').style.display = 'none'
Without any arguments.</msg>
<msg timestamp="20230305 15:07:50.634" level="FAIL">JavascriptException: Message: javascript error: Cannot read properties of null (reading 'style')
  (Session info: chrome=110.0.5481.177)
</msg>
<status status="FAIL" starttime="20230305 15:07:50.625" endtime="20230305 15:07:50.635"/>
</kw>
<status status="PASS" starttime="20230305 15:07:50.625" endtime="20230305 15:07:50.635"/>
</kw>
<status status="PASS" starttime="20230305 15:07:50.619" endtime="20230305 15:07:50.636"/>
</kw>
<status status="PASS" starttime="20230305 15:07:50.619" endtime="20230305 15:07:50.636"/>
</iter>
<iter>
<var name="${locator}">div[data-testid="sidebarColumn"]</var>
<kw name="Hide element">
<arg>${locator}</arg>
<kw name="Mute Run On Failure" library="RPA.RobotLogListener">
<arg>Execute Javascript</arg>
<doc>Set keywords which should not execute `SeleniumLibrary`
default behaviour of running keyword on failure.</doc>
<kw name="Get Library Instance" library="BuiltIn">
<arg>RPA.Browser</arg>
<doc>Returns the currently active instance of the specified library.</doc>
<msg timestamp="20230305 15:07:50.640" level="FAIL">No library 'RPA.Browser' found.</msg>
<status status="FAIL" starttime="20230305 15:07:50.639" endtime="20230305 15:07:50.641"/>
</kw>
<kw name="Get Library Instance" library="BuiltIn">
<arg>RPA.Browser.Selenium</arg>
<doc>Returns the currently active instance of the specified library.</doc>
<status status="PASS" starttime="20230305 15:07:50.641" endtime="20230305 15:07:50.642"/>
</kw>
<status status="PASS" starttime="20230305 15:07:50.638" endtime="20230305 15:07:50.642"/>
</kw>
<kw name="Run Keyword And Ignore Error" library="BuiltIn">
<arg>Execute Javascript</arg>
<arg>document.querySelector('${locator}').style.display = 'none'</arg>
<doc>Runs the given keyword with the given arguments and ignores possible error.</doc>
<kw name="Execute Javascript" library="RPA.Browser.Selenium">
<arg>document.querySelector('${locator}').style.display = 'none'</arg>
<doc>Executes the given JavaScript code with possible arguments.</doc>
<msg timestamp="20230305 15:07:50.644" level="INFO">No keyword will be run on failure.</msg>
<msg timestamp="20230305 15:07:50.644" level="INFO">No keyword will be run on failure.</msg>
<msg timestamp="20230305 15:07:50.644" level="INFO">No keyword will be run on failure.</msg>
<msg timestamp="20230305 15:07:50.644" level="INFO">No keyword will be run on failure.</msg>
<msg timestamp="20230305 15:07:50.644" level="INFO">No keyword will be run on failure.</msg>
<msg timestamp="20230305 15:07:50.644" level="INFO">No keyword will be run on failure.</msg>
<msg timestamp="20230305 15:07:50.644" level="INFO">No keyword will be run on failure.</msg>
<msg timestamp="20230305 15:07:50.644" level="INFO">No keyword will be run on failure.</msg>
<msg timestamp="20230305 15:07:50.644" level="INFO">No keyword will be run on failure.</msg>
<msg timestamp="20230305 15:07:50.644" level="INFO">No keyword will be run on failure.</msg>
<msg timestamp="20230305 15:07:50.644" level="INFO">No keyword will be run on failure.</msg>
<msg timestamp="20230305 15:07:50.644" level="INFO">No keyword will be run on failure.</msg>
<msg timestamp="20230305 15:07:50.644" level="INFO">No keyword will be run on failure.</msg>
<msg timestamp="20230305 15:07:50.644" level="INFO">No keyword will be run on failure.</msg>
<msg timestamp="20230305 15:07:50.644" level="INFO">No keyword will be run on failure.</msg>
<msg timestamp="20230305 15:07:50.645" level="INFO">No keyword will be run on failure.</msg>
<msg timestamp="20230305 15:07:50.645" level="INFO">No keyword will be run on failure.</msg>
<msg timestamp="20230305 15:07:50.645" level="INFO">No keyword will be run on failure.</msg>
<msg timestamp="20230305 15:07:50.645" level="INFO">No keyword will be run on failure.</msg>
<msg timestamp="20230305 15:07:50.646" level="INFO">Executing JavaScript:
document.querySelector('div[data-testid="sidebarColumn"]').style.display = 'none'
Without any arguments.</msg>
<msg timestamp="20230305 15:07:50.653" level="FAIL">JavascriptException: Message: javascript error: Cannot read properties of null (reading 'style')
  (Session info: chrome=110.0.5481.177)
</msg>
<status status="FAIL" starttime="20230305 15:07:50.643" endtime="20230305 15:07:50.654"/>
</kw>
<status status="PASS" starttime="20230305 15:07:50.642" endtime="20230305 15:07:50.655"/>
</kw>
<status status="PASS" starttime="20230305 15:07:50.637" endtime="20230305 15:07:50.655"/>
</kw>
<status status="PASS" starttime="20230305 15:07:50.636" endtime="20230305 15:07:50.656"/>
</iter>
<iter>
<var name="${locator}">div[data-testid="inlinePrompt"]</var>
<kw name="Hide element">
<arg>${locator}</arg>
<kw name="Mute Run On Failure" library="RPA.RobotLogListener">
<arg>Execute Javascript</arg>
<doc>Set keywords which should not execute `SeleniumLibrary`
default behaviour of running keyword on failure.</doc>
<kw name="Get Library Instance" library="BuiltIn">
<arg>RPA.Browser</arg>
<doc>Returns the currently active instance of the specified library.</doc>
<msg timestamp="20230305 15:07:50.659" level="FAIL">No library 'RPA.Browser' found.</msg>
<status status="FAIL" starttime="20230305 15:07:50.658" endtime="20230305 15:07:50.661"/>
</kw>
<kw name="Get Library Instance" library="BuiltIn">
<arg>RPA.Browser.Selenium</arg>
<doc>Returns the currently active instance of the specified library.</doc>
<status status="PASS" starttime="20230305 15:07:50.664" endtime="20230305 15:07:50.666"/>
</kw>
<status status="PASS" starttime="20230305 15:07:50.657" endtime="20230305 15:07:50.669"/>
</kw>
<kw name="Run Keyword And Ignore Error" library="BuiltIn">
<arg>Execute Javascript</arg>
<arg>document.querySelector('${locator}').style.display = 'none'</arg>
<doc>Runs the given keyword with the given arguments and ignores possible error.</doc>
<kw name="Execute Javascript" library="RPA.Browser.Selenium">
<arg>document.querySelector('${locator}').style.display = 'none'</arg>
<doc>Executes the given JavaScript code with possible arguments.</doc>
<msg timestamp="20230305 15:07:50.673" level="INFO">No keyword will be run on failure.</msg>
<msg timestamp="20230305 15:07:50.673" level="INFO">No keyword will be run on failure.</msg>
<msg timestamp="20230305 15:07:50.673" level="INFO">No keyword will be run on failure.</msg>
<msg timestamp="20230305 15:07:50.673" level="INFO">No keyword will be run on failure.</msg>
<msg timestamp="20230305 15:07:50.673" level="INFO">No keyword will be run on failure.</msg>
<msg timestamp="20230305 15:07:50.673" level="INFO">No keyword will be run on failure.</msg>
<msg timestamp="20230305 15:07:50.673" level="INFO">No keyword will be run on failure.</msg>
<msg timestamp="20230305 15:07:50.673" level="INFO">No keyword will be run on failure.</msg>
<msg timestamp="20230305 15:07:50.673" level="INFO">No keyword will be run on failure.</msg>
<msg timestamp="20230305 15:07:50.674" level="INFO">No keyword will be run on failure.</msg>
<msg timestamp="20230305 15:07:50.674" level="INFO">No keyword will be run on failure.</msg>
<msg timestamp="20230305 15:07:50.674" level="INFO">No keyword will be run on failure.</msg>
<msg timestamp="20230305 15:07:50.674" level="INFO">No keyword will be run on failure.</msg>
<msg timestamp="20230305 15:07:50.674" level="INFO">No keyword will be run on failure.</msg>
<msg timestamp="20230305 15:07:50.674" level="INFO">No keyword will be run on failure.</msg>
<msg timestamp="20230305 15:07:50.674" level="INFO">No keyword will be run on failure.</msg>
<msg timestamp="20230305 15:07:50.674" level="INFO">No keyword will be run on failure.</msg>
<msg timestamp="20230305 15:07:50.674" level="INFO">No keyword will be run on failure.</msg>
<msg timestamp="20230305 15:07:50.674" level="INFO">No keyword will be run on failure.</msg>
<msg timestamp="20230305 15:07:50.674" level="INFO">No keyword will be run on failure.</msg>
<msg timestamp="20230305 15:07:50.675" level="INFO">Executing JavaScript:
document.querySelector('div[data-testid="inlinePrompt"]').style.display = 'none'
Without any arguments.</msg>
<msg timestamp="20230305 15:07:50.689" level="FAIL">JavascriptException: Message: javascript error: Cannot read properties of null (reading 'style')
  (Session info: chrome=110.0.5481.177)
</msg>
<status status="FAIL" starttime="20230305 15:07:50.672" endtime="20230305 15:07:50.690"/>
</kw>
<status status="PASS" starttime="20230305 15:07:50.670" endtime="20230305 15:07:50.690"/>
</kw>
<status status="PASS" starttime="20230305 15:07:50.656" endtime="20230305 15:07:50.691"/>
</kw>
<status status="PASS" starttime="20230305 15:07:50.656" endtime="20230305 15:07:50.691"/>
</iter>
<iter>
<var name="${locator}">div[data-testid="sheetDialog"]</var>
<kw name="Hide element">
<arg>${locator}</arg>
<kw name="Mute Run On Failure" library="RPA.RobotLogListener">
<arg>Execute Javascript</arg>
<doc>Set keywords which should not execute `SeleniumLibrary`
default behaviour of running keyword on failure.</doc>
<kw name="Get Library Instance" library="BuiltIn">
<arg>RPA.Browser</arg>
<doc>Returns the currently active instance of the specified library.</doc>
<msg timestamp="20230305 15:07:50.701" level="FAIL">No library 'RPA.Browser' found.</msg>
<status status="FAIL" starttime="20230305 15:07:50.696" endtime="20230305 15:07:50.702"/>
</kw>
<kw name="Get Library Instance" library="BuiltIn">
<arg>RPA.Browser.Selenium</arg>
<doc>Returns the currently active instance of the specified library.</doc>
<status status="PASS" starttime="20230305 15:07:50.702" endtime="20230305 15:07:50.703"/>
</kw>
<status status="PASS" starttime="20230305 15:07:50.695" endtime="20230305 15:07:50.703"/>
</kw>
<kw name="Run Keyword And Ignore Error" library="BuiltIn">
<arg>Execute Javascript</arg>
<arg>document.querySelector('${locator}').style.display = 'none'</arg>
<doc>Runs the given keyword with the given arguments and ignores possible error.</doc>
<kw name="Execute Javascript" library="RPA.Browser.Selenium">
<arg>document.querySelector('${locator}').style.display = 'none'</arg>
<doc>Executes the given JavaScript code with possible arguments.</doc>
<msg timestamp="20230305 15:07:50.705" level="INFO">No keyword will be run on failure.</msg>
<msg timestamp="20230305 15:07:50.705" level="INFO">No keyword will be run on failure.</msg>
<msg timestamp="20230305 15:07:50.705" level="INFO">No keyword will be run on failure.</msg>
<msg timestamp="20230305 15:07:50.705" level="INFO">No keyword will be run on failure.</msg>
<msg timestamp="20230305 15:07:50.705" level="INFO">No keyword will be run on failure.</msg>
<msg timestamp="20230305 15:07:50.705" level="INFO">No keyword will be run on failure.</msg>
<msg timestamp="20230305 15:07:50.706" level="INFO">No keyword will be run on failure.</msg>
<msg timestamp="20230305 15:07:50.706" level="INFO">No keyword will be run on failure.</msg>
<msg timestamp="20230305 15:07:50.706" level="INFO">No keyword will be run on failure.</msg>
<msg timestamp="20230305 15:07:50.706" level="INFO">No keyword will be run on failure.</msg>
<msg timestamp="20230305 15:07:50.706" level="INFO">No keyword will be run on failure.</msg>
<msg timestamp="20230305 15:07:50.706" level="INFO">No keyword will be run on failure.</msg>
<msg timestamp="20230305 15:07:50.706" level="INFO">No keyword will be run on failure.</msg>
<msg timestamp="20230305 15:07:50.706" level="INFO">No keyword will be run on failure.</msg>
<msg timestamp="20230305 15:07:50.707" level="INFO">No keyword will be run on failure.</msg>
<msg timestamp="20230305 15:07:50.707" level="INFO">No keyword will be run on failure.</msg>
<msg timestamp="20230305 15:07:50.707" level="INFO">No keyword will be run on failure.</msg>
<msg timestamp="20230305 15:07:50.707" level="INFO">No keyword will be run on failure.</msg>
<msg timestamp="20230305 15:07:50.707" level="INFO">No keyword will be run on failure.</msg>
<msg timestamp="20230305 15:07:50.707" level="INFO">No keyword will be run on failure.</msg>
<msg timestamp="20230305 15:07:50.707" level="INFO">No keyword will be run on failure.</msg>
<msg timestamp="20230305 15:07:50.709" level="INFO">Executing JavaScript:
document.querySelector('div[data-testid="sheetDialog"]').style.display = 'none'
Without any arguments.</msg>
<msg timestamp="20230305 15:07:50.722" level="FAIL">JavascriptException: Message: javascript error: Cannot read properties of null (reading 'style')
  (Session info: chrome=110.0.5481.177)
</msg>
<status status="FAIL" starttime="20230305 15:07:50.705" endtime="20230305 15:07:50.723"/>
</kw>
<status status="PASS" starttime="20230305 15:07:50.704" endtime="20230305 15:07:50.724"/>
</kw>
<status status="PASS" starttime="20230305 15:07:50.694" endtime="20230305 15:07:50.725"/>
</kw>
<status status="PASS" starttime="20230305 15:07:50.693" endtime="20230305 15:07:50.725"/>
</iter>
<status status="PASS" starttime="20230305 15:07:50.266" endtime="20230305 15:07:50.725"/>
</for>
<status status="PASS" starttime="20230305 15:07:50.264" endtime="20230305 15:07:50.726"/>
</kw>
<status status="PASS" starttime="20230305 15:07:49.734" endtime="20230305 15:07:50.726"/>
</iter>
<iter>
<var name="${pixels}">600</var>
<kw name="Execute Javascript" library="RPA.Browser.Selenium">
<arg>window.scrollBy(0, ${pixels})</arg>
<doc>Executes the given JavaScript code with possible arguments.</doc>
<msg timestamp="20230305 15:07:50.728" level="INFO">No keyword will be run on failure.</msg>
<msg timestamp="20230305 15:07:50.728" level="INFO">No keyword will be run on failure.</msg>
<msg timestamp="20230305 15:07:50.728" level="INFO">No keyword will be run on failure.</msg>
<msg timestamp="20230305 15:07:50.728" level="INFO">No keyword will be run on failure.</msg>
<msg timestamp="20230305 15:07:50.728" level="INFO">No keyword will be run on failure.</msg>
<msg timestamp="20230305 15:07:50.728" level="INFO">No keyword will be run on failure.</msg>
<msg timestamp="20230305 15:07:50.728" level="INFO">No keyword will be run on failure.</msg>
<msg timestamp="20230305 15:07:50.728" level="INFO">No keyword will be run on failure.</msg>
<msg timestamp="20230305 15:07:50.728" level="INFO">No keyword will be run on failure.</msg>
<msg timestamp="20230305 15:07:50.728" level="INFO">No keyword will be run on failure.</msg>
<msg timestamp="20230305 15:07:50.728" level="INFO">No keyword will be run on failure.</msg>
<msg timestamp="20230305 15:07:50.729" level="INFO">No keyword will be run on failure.</msg>
<msg timestamp="20230305 15:07:50.729" level="INFO">No keyword will be run on failure.</msg>
<msg timestamp="20230305 15:07:50.729" level="INFO">No keyword will be run on failure.</msg>
<msg timestamp="20230305 15:07:50.729" level="INFO">No keyword will be run on failure.</msg>
<msg timestamp="20230305 15:07:50.729" level="INFO">No keyword will be run on failure.</msg>
<msg timestamp="20230305 15:07:50.729" level="INFO">No keyword will be run on failure.</msg>
<msg timestamp="20230305 15:07:50.729" level="INFO">No keyword will be run on failure.</msg>
<msg timestamp="20230305 15:07:50.729" level="INFO">No keyword will be run on failure.</msg>
<msg timestamp="20230305 15:07:50.729" level="INFO">No keyword will be run on failure.</msg>
<msg timestamp="20230305 15:07:50.729" level="INFO">No keyword will be run on failure.</msg>
<msg timestamp="20230305 15:07:50.730" level="INFO">Executing JavaScript:
window.scrollBy(0, 600)
Without any arguments.</msg>
<status status="PASS" starttime="20230305 15:07:50.728" endtime="20230305 15:07:50.742"/>
</kw>
<kw name="Sleep" library="BuiltIn">
<arg>500ms</arg>
<doc>Pauses the test executed for the given time.</doc>
<msg timestamp="20230305 15:07:51.243" level="INFO">Slept 500 milliseconds</msg>
<status status="PASS" starttime="20230305 15:07:50.743" endtime="20230305 15:07:51.244"/>
</kw>
<kw name="Hide distracting UI elements">
<kw name="Create List" library="BuiltIn">
<var>@{locators}</var>
<arg>header</arg>
<arg>\#layers &gt; div</arg>
<arg>nav</arg>
<arg>div[data-testid="primaryColumn"] &gt; div &gt; div</arg>
<arg>div[data-testid="sidebarColumn"]</arg>
<arg>div[data-testid="inlinePrompt"]</arg>
<arg>div[data-testid="sheetDialog"]</arg>
<doc>Returns a list containing given items.</doc>
<msg timestamp="20230305 15:07:51.250" level="INFO">@{locators} = [ header | #layers &gt; div | nav | div[data-testid="primaryColumn"] &gt; div &gt; div | div[data-testid="sidebarColumn"] | div[data-testid="inlinePrompt"] | div[data-testid="sheetDialog"] ]</msg>
<status status="PASS" starttime="20230305 15:07:51.245" endtime="20230305 15:07:51.250"/>
</kw>
<for flavor="IN">
<var>${locator}</var>
<value>@{locators}</value>
<iter>
<var name="${locator}">header</var>
<kw name="Hide element">
<arg>${locator}</arg>
<kw name="Mute Run On Failure" library="RPA.RobotLogListener">
<arg>Execute Javascript</arg>
<doc>Set keywords which should not execute `SeleniumLibrary`
default behaviour of running keyword on failure.</doc>
<kw name="Get Library Instance" library="BuiltIn">
[...]
<arg>document.querySelector('${locator}').style.display = 'none'</arg>
<doc>Executes the given JavaScript code with possible arguments.</doc>
<msg timestamp="20230305 15:08:04.238" level="INFO">No keyword will be run on failure.</msg>
<msg timestamp="20230305 15:08:04.238" level="INFO">No keyword will be run on failure.</msg>
<msg timestamp="20230305 15:08:04.238" level="INFO">No keyword will be run on failure.</msg>
<msg timestamp="20230305 15:08:04.238" level="INFO">No keyword will be run on failure.</msg>
<msg timestamp="20230305 15:08:04.238" level="INFO">No keyword will be run on failure.</msg>
<msg timestamp="20230305 15:08:04.238" level="INFO">No keyword will be run on failure.</msg>
<msg timestamp="20230305 15:08:04.238" level="INFO">No keyword will be run on failure.</msg>
<msg timestamp="20230305 15:08:04.238" level="INFO">No keyword will be run on failure.</msg>
<msg timestamp="20230305 15:08:04.238" level="INFO">No keyword will be run on failure.</msg>
<msg timestamp="20230305 15:08:04.238" level="INFO">No keyword will be run on failure.</msg>
<msg timestamp="20230305 15:08:04.238" level="INFO">No keyword will be run on failure.</msg>
<msg timestamp="20230305 15:08:04.238" level="INFO">No keyword will be run on failure.</msg>
<msg timestamp="20230305 15:08:04.238" level="INFO">No keyword will be run on failure.</msg>
<msg timestamp="20230305 15:08:04.238" level="INFO">No keyword will be run on failure.</msg>
<msg timestamp="20230305 15:08:04.238" level="INFO">No keyword will be run on failure.</msg>
<msg timestamp="20230305 15:08:04.238" level="INFO">No keyword will be run on failure.</msg>
<msg timestamp="20230305 15:08:04.238" level="INFO">No keyword will be run on failure.</msg>
<msg timestamp="20230305 15:08:04.238" level="INFO">No keyword will be run on failure.</msg>
<msg timestamp="20230305 15:08:04.238" level="INFO">No keyword will be run on failure.</msg>
<msg timestamp="20230305 15:08:04.238" level="INFO">No keyword will be run on failure.</msg>
<msg timestamp="20230305 15:08:04.238" level="INFO">No keyword will be run on failure.</msg>
<msg timestamp="20230305 15:08:04.238" level="INFO">No keyword will be run on failure.</msg>
<msg timestamp="20230305 15:08:04.238" level="INFO">No keyword will be run on failure.</msg>
<msg timestamp="20230305 15:08:04.239" level="INFO">No keyword will be run on failure.</msg>
<msg timestamp="20230305 15:08:04.239" level="INFO">No keyword will be run on failure.</msg>
<msg timestamp="20230305 15:08:04.239" level="INFO">No keyword will be run on failure.</msg>
<msg timestamp="20230305 15:08:04.239" level="INFO">No keyword will be run on failure.</msg>
<msg timestamp="20230305 15:08:04.239" level="INFO">No keyword will be run on failure.</msg>
<msg timestamp="20230305 15:08:04.239" level="INFO">No keyword will be run on failure.</msg>
<msg timestamp="20230305 15:08:04.239" level="INFO">No keyword will be run on failure.</msg>
<msg timestamp="20230305 15:08:04.239" level="INFO">No keyword will be run on failure.</msg>
<msg timestamp="20230305 15:08:04.239" level="INFO">No keyword will be run on failure.</msg>
<msg timestamp="20230305 15:08:04.239" level="INFO">No keyword will be run on failure.</msg>
<msg timestamp="20230305 15:08:04.239" level="INFO">No keyword will be run on failure.</msg>
<msg timestamp="20230305 15:08:04.239" level="INFO">No keyword will be run on failure.</msg>
<msg timestamp="20230305 15:08:04.239" level="INFO">No keyword will be run on failure.</msg>
<msg timestamp="20230305 15:08:04.239" level="INFO">No keyword will be run on failure.</msg>
<msg timestamp="20230305 15:08:04.239" level="INFO">No keyword will be run on failure.</msg>
<msg timestamp="20230305 15:08:04.239" level="INFO">No keyword will be run on failure.</msg>
<msg timestamp="20230305 15:08:04.239" level="INFO">No keyword will be run on failure.</msg>
<msg timestamp="20230305 15:08:04.239" level="INFO">No keyword will be run on failure.</msg>
<msg timestamp="20230305 15:08:04.239" level="INFO">No keyword will be run on failure.</msg>
<msg timestamp="20230305 15:08:04.239" level="INFO">No keyword will be run on failure.</msg>
<msg timestamp="20230305 15:08:04.239" level="INFO">No keyword will be run on failure.</msg>
<msg timestamp="20230305 15:08:04.239" level="INFO">No keyword will be run on failure.</msg>
<msg timestamp="20230305 15:08:04.239" level="INFO">No keyword will be run on failure.</msg>
<msg timestamp="20230305 15:08:04.239" level="INFO">No keyword will be run on failure.</msg>
<msg timestamp="20230305 15:08:04.239" level="INFO">No keyword will be run on failure.</msg>
<msg timestamp="20230305 15:08:04.239" level="INFO">No keyword will be run on failure.</msg>
<msg timestamp="20230305 15:08:04.239" level="INFO">No keyword will be run on failure.</msg>
<msg timestamp="20230305 15:08:04.239" level="INFO">No keyword will be run on failure.</msg>
<msg timestamp="20230305 15:08:04.239" level="INFO">No keyword will be run on failure.</msg>
<msg timestamp="20230305 15:08:04.239" level="INFO">No keyword will be run on failure.</msg>
<msg timestamp="20230305 15:08:04.239" level="INFO">No keyword will be run on failure.</msg>
<msg timestamp="20230305 15:08:04.239" level="INFO">No keyword will be run on failure.</msg>
<msg timestamp="20230305 15:08:04.239" level="INFO">No keyword will be run on failure.</msg>
<msg timestamp="20230305 15:08:04.239" level="INFO">No keyword will be run on failure.</msg>
<msg timestamp="20230305 15:08:04.239" level="INFO">No keyword will be run on failure.</msg>
<msg timestamp="20230305 15:08:04.240" level="INFO">No keyword will be run on failure.</msg>
<msg timestamp="20230305 15:08:04.240" level="INFO">No keyword will be run on failure.</msg>
<msg timestamp="20230305 15:08:04.240" level="INFO">No keyword will be run on failure.</msg>
<msg timestamp="20230305 15:08:04.240" level="INFO">No keyword will be run on failure.</msg>
<msg timestamp="20230305 15:08:04.240" level="INFO">No keyword will be run on failure.</msg>
<msg timestamp="20230305 15:08:04.240" level="INFO">No keyword will be run on failure.</msg>
<msg timestamp="20230305 15:08:04.240" level="INFO">No keyword will be run on failure.</msg>
<msg timestamp="20230305 15:08:04.240" level="INFO">No keyword will be run on failure.</msg>
<msg timestamp="20230305 15:08:04.240" level="INFO">No keyword will be run on failure.</msg>
<msg timestamp="20230305 15:08:04.240" level="INFO">No keyword will be run on failure.</msg>
<msg timestamp="20230305 15:08:04.240" level="INFO">No keyword will be run on failure.</msg>
<msg timestamp="20230305 15:08:04.240" level="INFO">No keyword will be run on failure.</msg>
<msg timestamp="20230305 15:08:04.240" level="INFO">Executing JavaScript:
document.querySelector('div[data-testid="sheetDialog"]').style.display = 'none'
Without any arguments.</msg>
<msg timestamp="20230305 15:08:04.271" level="FAIL">JavascriptException: Message: javascript error: Cannot read properties of null (reading 'style')
  (Session info: chrome=110.0.5481.177)
</msg>
<status status="FAIL" starttime="20230305 15:08:04.237" endtime="20230305 15:08:04.272"/>
</kw>
<status status="PASS" starttime="20230305 15:08:04.237" endtime="20230305 15:08:04.273"/>
</kw>
<status status="PASS" starttime="20230305 15:08:04.232" endtime="20230305 15:08:04.274"/>
</kw>
<status status="PASS" starttime="20230305 15:08:04.232" endtime="20230305 15:08:04.274"/>
</iter>
<status status="PASS" starttime="20230305 15:08:04.110" endtime="20230305 15:08:04.275"/>
</for>
<status status="PASS" starttime="20230305 15:08:04.108" endtime="20230305 15:08:04.286"/>
</kw>
<status status="PASS" starttime="20230305 15:08:03.563" endtime="20230305 15:08:04.289"/>
</iter>
<status status="PASS" starttime="20230305 15:07:44.194" endtime="20230305 15:08:04.290"/>
</for>
<kw name="Execute Javascript" library="RPA.Browser.Selenium">
<arg>window.scrollTo(0, 0)</arg>
<doc>Executes the given JavaScript code with possible arguments.</doc>
<msg timestamp="20230305 15:08:04.290" level="INFO">No keyword will be run on failure.</msg>
<msg timestamp="20230305 15:08:04.290" level="INFO">No keyword will be run on failure.</msg>
<msg timestamp="20230305 15:08:04.290" level="INFO">No keyword will be run on failure.</msg>
<msg timestamp="20230305 15:08:04.290" level="INFO">No keyword will be run on failure.</msg>
<msg timestamp="20230305 15:08:04.291" level="INFO">No keyword will be run on failure.</msg>
<msg timestamp="20230305 15:08:04.291" level="INFO">No keyword will be run on failure.</msg>
<msg timestamp="20230305 15:08:04.291" level="INFO">No keyword will be run on failure.</msg>
<msg timestamp="20230305 15:08:04.291" level="INFO">No keyword will be run on failure.</msg>
<msg timestamp="20230305 15:08:04.291" level="INFO">No keyword will be run on failure.</msg>
<msg timestamp="20230305 15:08:04.291" level="INFO">No keyword will be run on failure.</msg>
<msg timestamp="20230305 15:08:04.291" level="INFO">No keyword will be run on failure.</msg>
<msg timestamp="20230305 15:08:04.291" level="INFO">No keyword will be run on failure.</msg>
<msg timestamp="20230305 15:08:04.291" level="INFO">No keyword will be run on failure.</msg>
<msg timestamp="20230305 15:08:04.291" level="INFO">No keyword will be run on failure.</msg>
<msg timestamp="20230305 15:08:04.291" level="INFO">No keyword will be run on failure.</msg>
<msg timestamp="20230305 15:08:04.291" level="INFO">No keyword will be run on failure.</msg>
<msg timestamp="20230305 15:08:04.291" level="INFO">No keyword will be run on failure.</msg>
<msg timestamp="20230305 15:08:04.291" level="INFO">No keyword will be run on failure.</msg>
<msg timestamp="20230305 15:08:04.291" level="INFO">No keyword will be run on failure.</msg>
<msg timestamp="20230305 15:08:04.291" level="INFO">No keyword will be run on failure.</msg>
<msg timestamp="20230305 15:08:04.291" level="INFO">No keyword will be run on failure.</msg>
<msg timestamp="20230305 15:08:04.291" level="INFO">No keyword will be run on failure.</msg>
<msg timestamp="20230305 15:08:04.291" level="INFO">No keyword will be run on failure.</msg>
<msg timestamp="20230305 15:08:04.291" level="INFO">No keyword will be run on failure.</msg>
<msg timestamp="20230305 15:08:04.291" level="INFO">No keyword will be run on failure.</msg>
<msg timestamp="20230305 15:08:04.291" level="INFO">No keyword will be run on failure.</msg>
<msg timestamp="20230305 15:08:04.292" level="INFO">No keyword will be run on failure.</msg>
<msg timestamp="20230305 15:08:04.292" level="INFO">No keyword will be run on failure.</msg>
<msg timestamp="20230305 15:08:04.292" level="INFO">No keyword will be run on failure.</msg>
<msg timestamp="20230305 15:08:04.292" level="INFO">No keyword will be run on failure.</msg>
<msg timestamp="20230305 15:08:04.292" level="INFO">No keyword will be run on failure.</msg>
<msg timestamp="20230305 15:08:04.292" level="INFO">No keyword will be run on failure.</msg>
<msg timestamp="20230305 15:08:04.292" level="INFO">No keyword will be run on failure.</msg>
<msg timestamp="20230305 15:08:04.292" level="INFO">No keyword will be run on failure.</msg>
<msg timestamp="20230305 15:08:04.292" level="INFO">No keyword will be run on failure.</msg>
<msg timestamp="20230305 15:08:04.292" level="INFO">No keyword will be run on failure.</msg>
<msg timestamp="20230305 15:08:04.292" level="INFO">No keyword will be run on failure.</msg>
<msg timestamp="20230305 15:08:04.292" level="INFO">No keyword will be run on failure.</msg>
<msg timestamp="20230305 15:08:04.292" level="INFO">No keyword will be run on failure.</msg>
<msg timestamp="20230305 15:08:04.292" level="INFO">No keyword will be run on failure.</msg>
<msg timestamp="20230305 15:08:04.292" level="INFO">No keyword will be run on failure.</msg>
<msg timestamp="20230305 15:08:04.292" level="INFO">No keyword will be run on failure.</msg>
<msg timestamp="20230305 15:08:04.292" level="INFO">No keyword will be run on failure.</msg>
<msg timestamp="20230305 15:08:04.292" level="INFO">No keyword will be run on failure.</msg>
<msg timestamp="20230305 15:08:04.292" level="INFO">No keyword will be run on failure.</msg>
<msg timestamp="20230305 15:08:04.293" level="INFO">No keyword will be run on failure.</msg>
<msg timestamp="20230305 15:08:04.293" level="INFO">No keyword will be run on failure.</msg>
<msg timestamp="20230305 15:08:04.293" level="INFO">No keyword will be run on failure.</msg>
<msg timestamp="20230305 15:08:04.293" level="INFO">No keyword will be run on failure.</msg>
<msg timestamp="20230305 15:08:04.293" level="INFO">No keyword will be run on failure.</msg>
<msg timestamp="20230305 15:08:04.293" level="INFO">No keyword will be run on failure.</msg>
<msg timestamp="20230305 15:08:04.293" level="INFO">No keyword will be run on failure.</msg>
<msg timestamp="20230305 15:08:04.293" level="INFO">No keyword will be run on failure.</msg>
<msg timestamp="20230305 15:08:04.293" level="INFO">No keyword will be run on failure.</msg>
<msg timestamp="20230305 15:08:04.293" level="INFO">No keyword will be run on failure.</msg>
<msg timestamp="20230305 15:08:04.293" level="INFO">No keyword will be run on failure.</msg>
<msg timestamp="20230305 15:08:04.294" level="INFO">No keyword will be run on failure.</msg>
<msg timestamp="20230305 15:08:04.294" level="INFO">No keyword will be run on failure.</msg>
<msg timestamp="20230305 15:08:04.294" level="INFO">No keyword will be run on failure.</msg>
<msg timestamp="20230305 15:08:04.294" level="INFO">No keyword will be run on failure.</msg>
<msg timestamp="20230305 15:08:04.294" level="INFO">No keyword will be run on failure.</msg>
<msg timestamp="20230305 15:08:04.294" level="INFO">No keyword will be run on failure.</msg>
<msg timestamp="20230305 15:08:04.294" level="INFO">No keyword will be run on failure.</msg>
<msg timestamp="20230305 15:08:04.294" level="INFO">No keyword will be run on failure.</msg>
<msg timestamp="20230305 15:08:04.294" level="INFO">No keyword will be run on failure.</msg>
<msg timestamp="20230305 15:08:04.294" level="INFO">No keyword will be run on failure.</msg>
<msg timestamp="20230305 15:08:04.294" level="INFO">No keyword will be run on failure.</msg>
<msg timestamp="20230305 15:08:04.294" level="INFO">No keyword will be run on failure.</msg>
<msg timestamp="20230305 15:08:04.294" level="INFO">No keyword will be run on failure.</msg>
<msg timestamp="20230305 15:08:04.294" level="INFO">No keyword will be run on failure.</msg>
<msg timestamp="20230305 15:08:04.303" level="INFO">Executing JavaScript:
window.scrollTo(0, 0)
Without any arguments.</msg>
<status status="PASS" starttime="20230305 15:08:04.290" endtime="20230305 15:08:05.944"/>
</kw>
<kw name="Sleep" library="BuiltIn">
<arg>500ms</arg>
<doc>Pauses the test executed for the given time.</doc>
<msg timestamp="20230305 15:08:06.446" level="INFO">Slept 500 milliseconds</msg>
<status status="PASS" starttime="20230305 15:08:05.945" endtime="20230305 15:08:06.446"/>
</kw>
<status status="PASS" starttime="20230305 15:07:44.193" endtime="20230305 15:08:06.447"/>
</kw>
<kw name="Store the tweets">
<kw name="Create Directory" library="RPA.FileSystem">
<arg>${TWEET_DIRECTORY}</arg>
<arg>parents=True</arg>
<doc>Creates a directory and (optionally) non-existing parent directories.</doc>
<status status="PASS" starttime="20230305 15:08:06.448" endtime="20230305 15:08:06.449"/>
</kw>
<kw name="Set Variable" library="BuiltIn">
<var>${index}</var>
<arg>1</arg>
<doc>Returns the given values which can then be assigned to a variables.</doc>
<msg timestamp="20230305 15:08:06.450" level="INFO">${index} = 1</msg>
<status status="PASS" starttime="20230305 15:08:06.450" endtime="20230305 15:08:06.450"/>
</kw>
<kw name="Get tweets">
<var>@{tweets}</var>
<kw name="Wait Until Element Is Visible" library="RPA.Browser.Selenium">
<arg>${TWEETS_LOCATOR}</arg>
<doc>Waits until the element ``locator`` is visible.</doc>
<msg timestamp="20230305 15:08:11.588" level="FAIL">Element 'xpath://article[descendant::span[contains(text(), "@Wednesday")]]' not visible after 5 seconds.</msg>
<status status="FAIL" starttime="20230305 15:08:06.452" endtime="20230305 15:08:11.590"/>
</kw>
<kw name="Get WebElements" library="RPA.Browser.Selenium">
<var>@{all_tweets}</var>
<arg>${TWEETS_LOCATOR}</arg>
<doc>Returns a list of WebElement objects matching the ``locator``.</doc>
<status status="NOT RUN" starttime="20230305 15:08:11.592" endtime="20230305 15:08:11.593"/>
</kw>
<kw name="Get Slice From List" library="Collections">
<var>@{tweets}</var>
<arg>${all_tweets}</arg>
<arg>0</arg>
<arg>${NUMBER_OF_TWEETS}</arg>
<doc>Returns a slice of the given list between ``start`` and ``end`` indexes.</doc>
<status status="NOT RUN" starttime="20230305 15:08:11.594" endtime="20230305 15:08:11.594"/>
</kw>
<return>
<value>@{tweets}</value>
<status status="NOT RUN" starttime="20230305 15:08:11.595" endtime="20230305 15:08:11.595"/>
</return>
<status status="FAIL" starttime="20230305 15:08:06.452" endtime="20230305 15:08:11.597"/>
</kw>
<for flavor="IN">
<var>${tweet}</var>
<value>@{tweets}</value>
<iter>
<var name="${tweet}"/>
<kw name="Set Variable" library="BuiltIn">
<var>${screenshot_file}</var>
<arg>${TWEET_DIRECTORY}/tweet-${index}.png</arg>
<doc>Returns the given values which can then be assigned to a variables.</doc>
<status status="NOT RUN" starttime="20230305 15:08:11.600" endtime="20230305 15:08:11.600"/>
</kw>
<kw name="Set Variable" library="BuiltIn">
<var>${text_file}</var>
<arg>${TWEET_DIRECTORY}/tweet-${index}.txt</arg>
<doc>Returns the given values which can then be assigned to a variables.</doc>
<status status="NOT RUN" starttime="20230305 15:08:11.601" endtime="20230305 15:08:11.601"/>
</kw>
<kw name="Set Variable" library="BuiltIn">
<var>${text}</var>
<arg>${tweet.find_element_by_xpath(".//div[@lang='en']").text}</arg>
<doc>Returns the given values which can then be assigned to a variables.</doc>
<status status="NOT RUN" starttime="20230305 15:08:11.602" endtime="20230305 15:08:11.602"/>
</kw>
<kw name="Capture Element Screenshot" library="RPA.Browser.Selenium">
<arg>${tweet}</arg>
<arg>${screenshot_file}</arg>
<doc>Captures a screenshot from the element identified by ``locator`` and embeds it into log file.</doc>
<status status="NOT RUN" starttime="20230305 15:08:11.603" endtime="20230305 15:08:11.603"/>
</kw>
<kw name="Create File" library="RPA.FileSystem">
<arg>${text_file}</arg>
<arg>${text}</arg>
<arg>overwrite=True</arg>
<doc>Creates a new text file, and writes content if any is given.</doc>
<status status="NOT RUN" starttime="20230305 15:08:11.604" endtime="20230305 15:08:11.604"/>
</kw>
<kw name="Evaluate" library="BuiltIn">
<var>${index}</var>
<arg>${index} + 1</arg>
<doc>Evaluates the given expression in Python and returns the result.</doc>
<status status="NOT RUN" starttime="20230305 15:08:11.605" endtime="20230305 15:08:11.605"/>
</kw>
<status status="NOT RUN" starttime="20230305 15:08:11.599" endtime="20230305 15:08:11.605"/>
</iter>
<status status="NOT RUN" starttime="20230305 15:08:11.598" endtime="20230305 15:08:11.606"/>
</for>
<status status="FAIL" starttime="20230305 15:08:06.447" endtime="20230305 15:08:11.607"/>
</kw>
<kw name="Close Browser" library="RPA.Browser.Selenium" type="TEARDOWN">
<doc>Closes the current browser.</doc>
<status status="PASS" starttime="20230305 15:08:11.608" endtime="20230305 15:08:12.019"/>
</kw>
<status status="FAIL" starttime="20230305 15:07:39.186" endtime="20230305 15:08:12.020">Element 'xpath://article[descendant::span[contains(text(), "@Wednesday")]]' not visible after 5 seconds.</status>
</test>
<doc>Opens the Twitter web page and stores some content.</doc>
<status status="FAIL" starttime="20230305 15:07:38.546" endtime="20230305 15:08:12.021"/>
</suite>
<statistics>
<total>
<stat pass="0" fail="1" skip="0">All Tasks</stat>
</total>
<tag>
</tag>
<suite>
<stat pass="0" fail="1" skip="0" id="s1" name="Tasks">Tasks</stat>
</suite>
</statistics>
<errors>
</errors>
</robot>
