<?xml version="1.0" encoding="UTF-8"?>
<robot generator="Robot 5.0.1 (Python 3.7.5 on darwin)" generated="20230305 16:46:48.412" rpa="true" schemaversion="3">
<suite id="s1" name="Tasks" source="/Users/juanlucasumali/Desktop/berkeley/codebase/asticssp23/imdb/tasks.robot">
<test id="s1-t1" name="Store Web Page Content" line="16">
<kw name="Open Available Browser" library="RPA.Browser.Selenium">
<arg>https://screenrant.com/best-movies-2022/</arg>
<doc>Attempts to open a browser on the user's device from a set of
supported browsers. Automatically downloads a corresponding webdriver
if none is already installed.</doc>
<msg timestamp="20230305 16:46:49.039" level="INFO">Creating an instance of the Chrome WebDriver.</msg>
<msg timestamp="20230305 16:46:49.056" level="INFO">Created download root directory: /Users/juanlucasumali/.robocorp/webdrivers</msg>
<msg timestamp="20230305 16:46:49.057" level="INFO">Created symlink directory: /Users/juanlucasumali/.robocorp/webdrivers</msg>
<msg timestamp="20230305 16:46:49.058" level="INFO">Creating an instance of the Chrome WebDriver.</msg>
<msg timestamp="20230305 16:46:55.225" level="INFO">Created Chrome browser with arguments: --disable-dev-shm-usage --disable-web-security --allow-running-insecure-content --no-sandbox</msg>
<msg timestamp="20230305 16:46:55.226" level="INFO" html="true">&lt;p&gt;Attempted combinations:&lt;/p&gt;&lt;div class="doc"&gt;&lt;table&gt;&lt;tr&gt;&lt;th&gt;Browser&lt;/th&gt;&lt;th&gt;Download&lt;/th&gt;&lt;th&gt;Error&lt;/th&gt;&lt;/tr&gt;&lt;tr&gt;&lt;td&gt;Chrome&lt;/td&gt;&lt;td&gt;False&lt;/td&gt;&lt;td&gt;Message: 'chromedriver' executable needs to be in PATH. Please see https://sites.google.com/a/chromium.org/chromedriver/home
&lt;/td&gt;&lt;/tr&gt;&lt;tr&gt;&lt;td&gt;Chrome&lt;/td&gt;&lt;td&gt;True&lt;/td&gt;&lt;td&gt;&lt;/td&gt;&lt;/tr&gt;&lt;/table&gt;&lt;/div&gt;</msg>
<msg timestamp="20230305 16:46:55.226" level="INFO">Opening url 'https://screenrant.com/best-movies-2022/'</msg>
<status status="PASS" starttime="20230305 16:46:49.039" endtime="20230305 16:47:37.276"/>
</kw>
<kw name="Hide distracting UI elements">
<kw name="Create List" library="BuiltIn">
<var>@{locators}</var>
<arg>header</arg>
<arg>\#layers &gt; div</arg>
<arg>nav</arg>
<arg>div[data-testid="primaryColumn"] &gt; div &gt; div</arg>
<arg>div[data-testid="sidebarColumn"]</arg>
<arg>div[data-testid="inlinePrompt"]</arg>
<arg>div[data-testid="sheetDialog"]</arg>
<doc>Returns a list containing given items.</doc>
<msg timestamp="20230305 16:47:37.321" level="INFO">@{locators} = [ header | #layers &gt; div | nav | div[data-testid="primaryColumn"] &gt; div &gt; div | div[data-testid="sidebarColumn"] | div[data-testid="inlinePrompt"] | div[data-testid="sheetDialog"] ]</msg>
<status status="PASS" starttime="20230305 16:47:37.291" endtime="20230305 16:47:37.321"/>
</kw>
<for flavor="IN">
<var>${locator}</var>
<value>@{locators}</value>
<iter>
<var name="${locator}">header</var>
<kw name="Hide element">
<arg>${locator}</arg>
<kw name="Mute Run On Failure" library="RPA.RobotLogListener">
<arg>Execute Javascript</arg>
<doc>Set keywords which should not execute `SeleniumLibrary`
default behaviour of running keyword on failure.</doc>
<kw name="Get Library Instance" library="BuiltIn">
<arg>RPA.Browser</arg>
<doc>Returns the currently active instance of the specified library.</doc>
<msg timestamp="20230305 16:47:37.347" level="FAIL">No library 'RPA.Browser' found.</msg>
<status status="FAIL" starttime="20230305 16:47:37.343" endtime="20230305 16:47:37.379"/>
</kw>
<kw name="Get Library Instance" library="BuiltIn">
<arg>RPA.Browser.Selenium</arg>
<doc>Returns the currently active instance of the specified library.</doc>
<status status="PASS" starttime="20230305 16:47:37.380" endtime="20230305 16:47:37.380"/>
</kw>
<status status="PASS" starttime="20230305 16:47:37.342" endtime="20230305 16:47:37.380"/>
</kw>
<kw name="Run Keyword And Ignore Error" library="BuiltIn">
<arg>Execute Javascript</arg>
<arg>document.querySelector('${locator}').style.display = 'none'</arg>
<doc>Runs the given keyword with the given arguments and ignores possible error.</doc>
<kw name="Execute Javascript" library="RPA.Browser.Selenium">
<arg>document.querySelector('${locator}').style.display = 'none'</arg>
<doc>Executes the given JavaScript code with possible arguments.</doc>
<msg timestamp="20230305 16:47:37.384" level="INFO">No keyword will be run on failure.</msg>
<msg timestamp="20230305 16:47:37.385" level="INFO">Executing JavaScript:
document.querySelector('header').style.display = 'none'
Without any arguments.</msg>
<msg timestamp="20230305 16:47:37.410" level="FAIL">NoSuchWindowException: Message: no such window: target window already closed
from unknown error: web view not found
  (Session info: chrome=110.0.5481.177)
</msg>
<msg timestamp="20230305 16:47:37.413" level="INFO">Capture Page Screenshot will be run on failure.</msg>
<status status="FAIL" starttime="20230305 16:47:37.383" endtime="20230305 16:47:37.412"/>
</kw>
<status status="PASS" starttime="20230305 16:47:37.382" endtime="20230305 16:47:37.413"/>
</kw>
<status status="PASS" starttime="20230305 16:47:37.341" endtime="20230305 16:47:37.413"/>
</kw>
<status status="PASS" starttime="20230305 16:47:37.328" endtime="20230305 16:47:37.413"/>
</iter>
<iter>
<var name="${locator}">#layers &gt; div</var>
<kw name="Hide element">
<arg>${locator}</arg>
<kw name="Mute Run On Failure" library="RPA.RobotLogListener">
<arg>Execute Javascript</arg>
<doc>Set keywords which should not execute `SeleniumLibrary`
default behaviour of running keyword on failure.</doc>
<kw name="Get Library Instance" library="BuiltIn">
<arg>RPA.Browser</arg>
<doc>Returns the currently active instance of the specified library.</doc>
<msg timestamp="20230305 16:47:37.444" level="FAIL">No library 'RPA.Browser' found.</msg>
<status status="FAIL" starttime="20230305 16:47:37.434" endtime="20230305 16:47:37.457"/>
</kw>
<kw name="Get Library Instance" library="BuiltIn">
<arg>RPA.Browser.Selenium</arg>
<doc>Returns the currently active instance of the specified library.</doc>
<status status="PASS" starttime="20230305 16:47:37.462" endtime="20230305 16:47:37.467"/>
</kw>
<status status="PASS" starttime="20230305 16:47:37.421" endtime="20230305 16:47:37.467"/>
</kw>
<kw name="Run Keyword And Ignore Error" library="BuiltIn">
<arg>Execute Javascript</arg>
<arg>document.querySelector('${locator}').style.display = 'none'</arg>
<doc>Runs the given keyword with the given arguments and ignores possible error.</doc>
<kw name="Execute Javascript" library="RPA.Browser.Selenium">
<arg>document.querySelector('${locator}').style.display = 'none'</arg>
<doc>Executes the given JavaScript code with possible arguments.</doc>
<msg timestamp="20230305 16:47:37.476" level="INFO">No keyword will be run on failure.</msg>
<msg timestamp="20230305 16:47:37.476" level="INFO">No keyword will be run on failure.</msg>
<msg timestamp="20230305 16:47:37.476" level="INFO">Executing JavaScript:
document.querySelector('#layers &gt; div').style.display = 'none'
Without any arguments.</msg>
<msg timestamp="20230305 16:47:37.483" level="FAIL">NoSuchWindowException: Message: no such window: target window already closed
from unknown error: web view not found
  (Session info: chrome=110.0.5481.177)
</msg>
<status status="FAIL" starttime="20230305 16:47:37.472" endtime="20230305 16:47:37.483"/>
</kw>
<status status="PASS" starttime="20230305 16:47:37.467" endtime="20230305 16:47:37.485"/>
</kw>
<status status="PASS" starttime="20230305 16:47:37.418" endtime="20230305 16:47:37.485"/>
</kw>
<status status="PASS" starttime="20230305 16:47:37.417" endtime="20230305 16:47:37.487"/>
</iter>
<iter>
<var name="${locator}">nav</var>
<kw name="Hide element">
<arg>${locator}</arg>
<kw name="Mute Run On Failure" library="RPA.RobotLogListener">
<arg>Execute Javascript</arg>
<doc>Set keywords which should not execute `SeleniumLibrary`
default behaviour of running keyword on failure.</doc>
<kw name="Get Library Instance" library="BuiltIn">
<arg>RPA.Browser</arg>
<doc>Returns the currently active instance of the specified library.</doc>
<msg timestamp="20230305 16:47:37.507" level="FAIL">No library 'RPA.Browser' found.</msg>
<status status="FAIL" starttime="20230305 16:47:37.507" endtime="20230305 16:47:37.513"/>
</kw>
<kw name="Get Library Instance" library="BuiltIn">
<arg>RPA.Browser.Selenium</arg>
<doc>Returns the currently active instance of the specified library.</doc>
<status status="PASS" starttime="20230305 16:47:37.513" endtime="20230305 16:47:37.515"/>
</kw>
<status status="PASS" starttime="20230305 16:47:37.506" endtime="20230305 16:47:37.515"/>
</kw>
<kw name="Run Keyword And Ignore Error" library="BuiltIn">
<arg>Execute Javascript</arg>
<arg>document.querySelector('${locator}').style.display = 'none'</arg>
<doc>Runs the given keyword with the given arguments and ignores possible error.</doc>
<kw name="Execute Javascript" library="RPA.Browser.Selenium">
<arg>document.querySelector('${locator}').style.display = 'none'</arg>
<doc>Executes the given JavaScript code with possible arguments.</doc>
<msg timestamp="20230305 16:47:37.518" level="INFO">No keyword will be run on failure.</msg>
<msg timestamp="20230305 16:47:37.519" level="INFO">No keyword will be run on failure.</msg>
<msg timestamp="20230305 16:47:37.519" level="INFO">No keyword will be run on failure.</msg>
<msg timestamp="20230305 16:47:37.521" level="INFO">Executing JavaScript:
document.querySelector('nav').style.display = 'none'
Without any arguments.</msg>
<msg timestamp="20230305 16:47:37.524" level="FAIL">NoSuchWindowException: Message: no such window: target window already closed
from unknown error: web view not found
  (Session info: chrome=110.0.5481.177)
</msg>
<status status="FAIL" starttime="20230305 16:47:37.518" endtime="20230305 16:47:37.525"/>
</kw>
<status status="PASS" starttime="20230305 16:47:37.515" endtime="20230305 16:47:37.525"/>
</kw>
<status status="PASS" starttime="20230305 16:47:37.490" endtime="20230305 16:47:37.525"/>
</kw>
<status status="PASS" starttime="20230305 16:47:37.488" endtime="20230305 16:47:37.525"/>
</iter>
<iter>
<var name="${locator}">div[data-testid="primaryColumn"] &gt; div &gt; div</var>
<kw name="Hide element">
<arg>${locator}</arg>
<kw name="Mute Run On Failure" library="RPA.RobotLogListener">
<arg>Execute Javascript</arg>
<doc>Set keywords which should not execute `SeleniumLibrary`
default behaviour of running keyword on failure.</doc>
<kw name="Get Library Instance" library="BuiltIn">
<arg>RPA.Browser</arg>
<doc>Returns the currently active instance of the specified library.</doc>
<msg timestamp="20230305 16:47:37.527" level="FAIL">No library 'RPA.Browser' found.</msg>
<status status="FAIL" starttime="20230305 16:47:37.527" endtime="20230305 16:47:37.527"/>
</kw>
<kw name="Get Library Instance" library="BuiltIn">
<arg>RPA.Browser.Selenium</arg>
<doc>Returns the currently active instance of the specified library.</doc>
<status status="PASS" starttime="20230305 16:47:37.529" endtime="20230305 16:47:37.529"/>
</kw>
<status status="PASS" starttime="20230305 16:47:37.526" endtime="20230305 16:47:37.529"/>
</kw>
<kw name="Run Keyword And Ignore Error" library="BuiltIn">
<arg>Execute Javascript</arg>
<arg>document.querySelector('${locator}').style.display = 'none'</arg>
<doc>Runs the given keyword with the given arguments and ignores possible error.</doc>
<kw name="Execute Javascript" library="RPA.Browser.Selenium">
<arg>document.querySelector('${locator}').style.display = 'none'</arg>
<doc>Executes the given JavaScript code with possible arguments.</doc>
<msg timestamp="20230305 16:47:37.530" level="INFO">No keyword will be run on failure.</msg>
<msg timestamp="20230305 16:47:37.530" level="INFO">No keyword will be run on failure.</msg>
<msg timestamp="20230305 16:47:37.530" level="INFO">No keyword will be run on failure.</msg>
<msg timestamp="20230305 16:47:37.530" level="INFO">No keyword will be run on failure.</msg>
<msg timestamp="20230305 16:47:37.530" level="INFO">Executing JavaScript:
document.querySelector('div[data-testid="primaryColumn"] &gt; div &gt; div').style.display = 'none'
Without any arguments.</msg>
<msg timestamp="20230305 16:47:37.542" level="FAIL">NoSuchWindowException: Message: no such window: target window already closed
from unknown error: web view not found
  (Session info: chrome=110.0.5481.177)
</msg>
<status status="FAIL" starttime="20230305 16:47:37.530" endtime="20230305 16:47:37.543"/>
</kw>
<status status="PASS" starttime="20230305 16:47:37.529" endtime="20230305 16:47:37.543"/>
</kw>
<status status="PASS" starttime="20230305 16:47:37.526" endtime="20230305 16:47:37.548"/>
</kw>
<status status="PASS" starttime="20230305 16:47:37.526" endtime="20230305 16:47:37.548"/>
</iter>
<iter>
<var name="${locator}">div[data-testid="sidebarColumn"]</var>
<kw name="Hide element">
<arg>${locator}</arg>
<kw name="Mute Run On Failure" library="RPA.RobotLogListener">
<arg>Execute Javascript</arg>
<doc>Set keywords which should not execute `SeleniumLibrary`
default behaviour of running keyword on failure.</doc>
<kw name="Get Library Instance" library="BuiltIn">
<arg>RPA.Browser</arg>
<doc>Returns the currently active instance of the specified library.</doc>
<msg timestamp="20230305 16:47:37.550" level="FAIL">No library 'RPA.Browser' found.</msg>
<status status="FAIL" starttime="20230305 16:47:37.549" endtime="20230305 16:47:37.550"/>
</kw>
<kw name="Get Library Instance" library="BuiltIn">
<arg>RPA.Browser.Selenium</arg>
<doc>Returns the currently active instance of the specified library.</doc>
<status status="PASS" starttime="20230305 16:47:37.550" endtime="20230305 16:47:37.550"/>
</kw>
<status status="PASS" starttime="20230305 16:47:37.549" endtime="20230305 16:47:37.551"/>
</kw>
<kw name="Run Keyword And Ignore Error" library="BuiltIn">
<arg>Execute Javascript</arg>
<arg>document.querySelector('${locator}').style.display = 'none'</arg>
<doc>Runs the given keyword with the given arguments and ignores possible error.</doc>
<kw name="Execute Javascript" library="RPA.Browser.Selenium">
<arg>document.querySelector('${locator}').style.display = 'none'</arg>
<doc>Executes the given JavaScript code with possible arguments.</doc>
<msg timestamp="20230305 16:47:37.551" level="INFO">No keyword will be run on failure.</msg>
<msg timestamp="20230305 16:47:37.551" level="INFO">No keyword will be run on failure.</msg>
<msg timestamp="20230305 16:47:37.551" level="INFO">No keyword will be run on failure.</msg>
<msg timestamp="20230305 16:47:37.551" level="INFO">No keyword will be run on failure.</msg>
<msg timestamp="20230305 16:47:37.551" level="INFO">No keyword will be run on failure.</msg>
<msg timestamp="20230305 16:47:37.552" level="INFO">Executing JavaScript:
document.querySelector('div[data-testid="sidebarColumn"]').style.display = 'none'
Without any arguments.</msg>
<msg timestamp="20230305 16:47:37.577" level="FAIL">NoSuchWindowException: Message: no such window: target window already closed
from unknown error: web view not found
  (Session info: chrome=110.0.5481.177)
</msg>
<status status="FAIL" starttime="20230305 16:47:37.551" endtime="20230305 16:47:37.577"/>
</kw>
<status status="PASS" starttime="20230305 16:47:37.551" endtime="20230305 16:47:37.577"/>
</kw>
<status status="PASS" starttime="20230305 16:47:37.548" endtime="20230305 16:47:37.577"/>
</kw>
<status status="PASS" starttime="20230305 16:47:37.548" endtime="20230305 16:47:37.577"/>
</iter>
<iter>
<var name="${locator}">div[data-testid="inlinePrompt"]</var>
<kw name="Hide element">
<arg>${locator}</arg>
<kw name="Mute Run On Failure" library="RPA.RobotLogListener">
<arg>Execute Javascript</arg>
<doc>Set keywords which should not execute `SeleniumLibrary`
default behaviour of running keyword on failure.</doc>
<kw name="Get Library Instance" library="BuiltIn">
<arg>RPA.Browser</arg>
<doc>Returns the currently active instance of the specified library.</doc>
<msg timestamp="20230305 16:47:37.580" level="FAIL">No library 'RPA.Browser' found.</msg>
<status status="FAIL" starttime="20230305 16:47:37.579" endtime="20230305 16:47:37.580"/>
</kw>
<kw name="Get Library Instance" library="BuiltIn">
<arg>RPA.Browser.Selenium</arg>
<doc>Returns the currently active instance of the specified library.</doc>
<status status="PASS" starttime="20230305 16:47:37.580" endtime="20230305 16:47:37.580"/>
</kw>
<status status="PASS" starttime="20230305 16:47:37.579" endtime="20230305 16:47:37.580"/>
</kw>
<kw name="Run Keyword And Ignore Error" library="BuiltIn">
<arg>Execute Javascript</arg>
<arg>document.querySelector('${locator}').style.display = 'none'</arg>
<doc>Runs the given keyword with the given arguments and ignores possible error.</doc>
<kw name="Execute Javascript" library="RPA.Browser.Selenium">
<arg>document.querySelector('${locator}').style.display = 'none'</arg>
<doc>Executes the given JavaScript code with possible arguments.</doc>
<msg timestamp="20230305 16:47:37.581" level="INFO">No keyword will be run on failure.</msg>
<msg timestamp="20230305 16:47:37.581" level="INFO">No keyword will be run on failure.</msg>
<msg timestamp="20230305 16:47:37.581" level="INFO">No keyword will be run on failure.</msg>
<msg timestamp="20230305 16:47:37.581" level="INFO">No keyword will be run on failure.</msg>
<msg timestamp="20230305 16:47:37.581" level="INFO">No keyword will be run on failure.</msg>
<msg timestamp="20230305 16:47:37.581" level="INFO">No keyword will be run on failure.</msg>
<msg timestamp="20230305 16:47:37.582" level="INFO">Executing JavaScript:
document.querySelector('div[data-testid="inlinePrompt"]').style.display = 'none'
Without any arguments.</msg>
<msg timestamp="20230305 16:47:37.584" level="FAIL">NoSuchWindowException: Message: no such window: target window already closed
from unknown error: web view not found
  (Session info: chrome=110.0.5481.177)
</msg>
<status status="FAIL" starttime="20230305 16:47:37.581" endtime="20230305 16:47:37.585"/>
</kw>
<status status="PASS" starttime="20230305 16:47:37.581" endtime="20230305 16:47:37.590"/>
</kw>
<status status="PASS" starttime="20230305 16:47:37.578" endtime="20230305 16:47:37.596"/>
</kw>
<status status="PASS" starttime="20230305 16:47:37.578" endtime="20230305 16:47:37.597"/>
</iter>
<iter>
<var name="${locator}">div[data-testid="sheetDialog"]</var>
<kw name="Hide element">
<arg>${locator}</arg>
<kw name="Mute Run On Failure" library="RPA.RobotLogListener">
<arg>Execute Javascript</arg>
<doc>Set keywords which should not execute `SeleniumLibrary`
default behaviour of running keyword on failure.</doc>
<kw name="Get Library Instance" library="BuiltIn">
<arg>RPA.Browser</arg>
<doc>Returns the currently active instance of the specified library.</doc>
<msg timestamp="20230305 16:47:37.638" level="FAIL">No library 'RPA.Browser' found.</msg>
<status status="FAIL" starttime="20230305 16:47:37.600" endtime="20230305 16:47:37.639"/>
</kw>
<kw name="Get Library Instance" library="BuiltIn">
<arg>RPA.Browser.Selenium</arg>
<doc>Returns the currently active instance of the specified library.</doc>
<status status="PASS" starttime="20230305 16:47:37.640" endtime="20230305 16:47:37.641"/>
</kw>
<status status="PASS" starttime="20230305 16:47:37.599" endtime="20230305 16:47:37.641"/>
</kw>
<kw name="Run Keyword And Ignore Error" library="BuiltIn">
<arg>Execute Javascript</arg>
<arg>document.querySelector('${locator}').style.display = 'none'</arg>
<doc>Runs the given keyword with the given arguments and ignores possible error.</doc>
<kw name="Execute Javascript" library="RPA.Browser.Selenium">
<arg>document.querySelector('${locator}').style.display = 'none'</arg>
<doc>Executes the given JavaScript code with possible arguments.</doc>
<msg timestamp="20230305 16:47:37.642" level="INFO">No keyword will be run on failure.</msg>
<msg timestamp="20230305 16:47:37.642" level="INFO">No keyword will be run on failure.</msg>
<msg timestamp="20230305 16:47:37.642" level="INFO">No keyword will be run on failure.</msg>
<msg timestamp="20230305 16:47:37.642" level="INFO">No keyword will be run on failure.</msg>
<msg timestamp="20230305 16:47:37.642" level="INFO">No keyword will be run on failure.</msg>
<msg timestamp="20230305 16:47:37.642" level="INFO">No keyword will be run on failure.</msg>
<msg timestamp="20230305 16:47:37.642" level="INFO">No keyword will be run on failure.</msg>
<msg timestamp="20230305 16:47:37.643" level="INFO">Executing JavaScript:
document.querySelector('div[data-testid="sheetDialog"]').style.display = 'none'
Without any arguments.</msg>
<msg timestamp="20230305 16:47:37.652" level="FAIL">NoSuchWindowException: Message: no such window: target window already closed
from unknown error: web view not found
  (Session info: chrome=110.0.5481.177)
</msg>
<status status="FAIL" starttime="20230305 16:47:37.642" endtime="20230305 16:47:37.653"/>
</kw>
<status status="PASS" starttime="20230305 16:47:37.641" endtime="20230305 16:47:37.653"/>
</kw>
<status status="PASS" starttime="20230305 16:47:37.598" endtime="20230305 16:47:37.653"/>
</kw>
<status status="PASS" starttime="20230305 16:47:37.597" endtime="20230305 16:47:37.653"/>
</iter>
<status status="PASS" starttime="20230305 16:47:37.327" endtime="20230305 16:47:37.653"/>
</for>
<status status="PASS" starttime="20230305 16:47:37.281" endtime="20230305 16:47:37.654"/>
</kw>
<kw name="Screenshot" library="RPA.Browser.Selenium">
<arg>id:${TITLE}</arg>
<arg>${TITLE_DIRECTORY}${/}screenshot.png</arg>
<doc>Capture page and/or element screenshot.</doc>
<msg timestamp="20230305 16:47:37.663" level="FAIL">NoSuchWindowException: Message: no such window: target window already closed
from unknown error: web view not found
  (Session info: chrome=110.0.5481.177)
</msg>
<status status="FAIL" starttime="20230305 16:47:37.654" endtime="20230305 16:47:37.665"/>
</kw>
<kw name="Close Browser" library="RPA.Browser.Selenium" type="TEARDOWN">
<doc>Closes the current browser.</doc>
<status status="PASS" starttime="20230305 16:47:37.666" endtime="20230305 16:47:37.777"/>
</kw>
<status status="FAIL" starttime="20230305 16:46:49.038" endtime="20230305 16:47:37.777">NoSuchWindowException: Message: no such window: target window already closed
from unknown error: web view not found
  (Session info: chrome=110.0.5481.177)
</status>
</test>
<doc>Opens the Screenrant web page and stores some content.</doc>
<status status="FAIL" starttime="20230305 16:46:48.414" endtime="20230305 16:47:37.779"/>
</suite>
<statistics>
<total>
<stat pass="0" fail="1" skip="0">All Tasks</stat>
</total>
<tag>
</tag>
<suite>
<stat pass="0" fail="1" skip="0" id="s1" name="Tasks">Tasks</stat>
</suite>
</statistics>
<errors>
</errors>
</robot>
